# JRE version: OpenJDK Runtime Environment Temurin-17.0.8+7 (17.0.8+7) (build 17.0.8+7)
# Java VM: OpenJDK 64-Bit Server VM Temurin-17.0.8+7 (17.0.8+7, mixed mode, tiered, compressed oops, compressed class ptrs, g1 gc, windows-amd64)
GC Precious Log:
 CPUs: 8 total, 8 available
 Memory: 16167M
 Large Page Support: Disabled
 NUMA Support: Disabled
 Compressed Oops: Enabled (Zero based)
 Heap Region Size: 2M
 Heap Min Capacity: 8M
 Heap Initial Capacity: 254M
 Heap Max Capacity: 4042M
 Pre-touch: Disabled
 Parallel Workers: 8
 Concurrent Workers: 2
 Concurrent Refinement Workers: 8
 Periodic GC: Disabled
Heap:
 garbage-first heap   total 155648K, used 24111K [0x0000000703600000, 0x0000000800000000)
  region size 2048K, 6 young (12288K), 1 survivors (2048K)
 Metaspace       used 28301K, committed 28608K, reserved 1114112K
  class space    used 3105K, committed 3264K, reserved 1048576K
GC Heap History (12 events):
Event: 0.454 GC heap before
{Heap before GC invocations=0 (full 0):
 garbage-first heap   total 260096K, used 20480K [0x0000000703600000, 0x0000000800000000)
  region size 2048K, 11 young (22528K), 0 survivors (0K)
 Metaspace       used 15064K, committed 15296K, reserved 1114112K
  class space    used 1492K, committed 1600K, reserved 1048576K
}
Event: 0.457 GC heap after
{Heap after GC invocations=1 (full 0):
 garbage-first heap   total 260096K, used 6892K [0x0000000703600000, 0x0000000800000000)
  region size 2048K, 2 young (4096K), 2 survivors (4096K)
 Metaspace       used 15064K, committed 15296K, reserved 1114112K
  class space    used 1492K, committed 1600K, reserved 1048576K
}
Event: 0.747 GC heap before
{Heap before GC invocations=1 (full 0):
 garbage-first heap   total 260096K, used 29420K [0x0000000703600000, 0x0000000800000000)
  region size 2048K, 13 young (26624K), 2 survivors (4096K)
 Metaspace       used 21027K, committed 21312K, reserved 1114112K
  class space    used 2171K, committed 2304K, reserved 1048576K
}
Event: 0.751 GC heap after
{Heap after GC invocations=2 (full 0):
 garbage-first heap   total 260096K, used 10563K [0x0000000703600000, 0x0000000800000000)
  region size 2048K, 2 young (4096K), 2 survivors (4096K)
 Metaspace       used 21027K, committed 21312K, reserved 1114112K
  class space    used 2171K, committed 2304K, reserved 1048576K
}
Event: 0.764 GC heap before
{Heap before GC invocations=2 (full 0):
 garbage-first heap   total 260096K, used 10563K [0x0000000703600000, 0x0000000800000000)
  region size 2048K, 3 young (6144K), 2 survivors (4096K)
 Metaspace       used 21271K, committed 21504K, reserved 1114112K
  class space    used 2186K, committed 2304K, reserved 1048576K
}
Event: 0.766 GC heap after
{Heap after GC invocations=3 (full 0):
 garbage-first heap   total 260096K, used 11103K [0x0000000703600000, 0x0000000800000000)
  region size 2048K, 2 young (4096K), 2 survivors (4096K)
 Metaspace       used 21271K, committed 21504K, reserved 1114112K
  class space    used 2186K, committed 2304K, reserved 1048576K
}
Event: 0.923 GC heap before
{Heap before GC invocations=4 (full 0):
 garbage-first heap   total 49152K, used 29535K [0x0000000703600000, 0x0000000800000000)
  region size 2048K, 12 young (24576K), 2 survivors (4096K)
 Metaspace       used 22677K, committed 22976K, reserved 1114112K
  class space    used 2348K, committed 2496K, reserved 1048576K
}
Event: 0.927 GC heap after
{Heap after GC invocations=5 (full 0):
 garbage-first heap   total 49152K, used 15199K [0x0000000703600000, 0x0000000800000000)
  region size 2048K, 4 young (8192K), 4 survivors (8192K)
 Metaspace       used 22677K, committed 22976K, reserved 1114112K
  class space    used 2348K, committed 2496K, reserved 1048576K
}
Event: 0.945 GC heap before
{Heap before GC invocations=5 (full 0):
 garbage-first heap   total 49152K, used 17247K [0x0000000703600000, 0x0000000800000000)
  region size 2048K, 5 young (10240K), 4 survivors (8192K)
 Metaspace       used 23094K, committed 23360K, reserved 1114112K
  class space    used 2407K, committed 2560K, reserved 1048576K
}
Event: 0.951 GC heap after
{Heap after GC invocations=6 (full 0):
 garbage-first heap   total 49152K, used 16061K [0x0000000703600000, 0x0000000800000000)
  region size 2048K, 1 young (2048K), 1 survivors (2048K)
 Metaspace       used 23094K, committed 23360K, reserved 1114112K
  class space    used 2407K, committed 2560K, reserved 1048576K
}
Event: 1.687 GC heap before
{Heap before GC invocations=6 (full 0):
 garbage-first heap   total 49152K, used 28349K [0x0000000703600000, 0x0000000800000000)
  region size 2048K, 7 young (14336K), 1 survivors (2048K)
 Metaspace       used 27259K, committed 27584K, reserved 1114112K
  class space    used 2972K, committed 3136K, reserved 1048576K
}
Event: 1.689 GC heap after
{Heap after GC invocations=7 (full 0):
 garbage-first heap   total 155648K, used 15919K [0x0000000703600000, 0x0000000800000000)
  region size 2048K, 1 young (2048K), 1 survivors (2048K)
 Metaspace       used 27259K, committed 27584K, reserved 1114112K
  class space    used 2972K, committed 3136K, reserved 1048576K
}

