# JRE version: OpenJDK Runtime Environment Temurin-17.0.8+7 (17.0.8+7) (build 17.0.8+7)
# Java VM: OpenJDK 64-Bit Server VM Temurin-17.0.8+7 (17.0.8+7, mixed mode, tiered, compressed oops, compressed class ptrs, g1 gc, windows-amd64)
GC Precious Log:
 CPUs: 8 total, 8 available
 Memory: 16167M
 Large Page Support: Disabled
 NUMA Support: Disabled
 Compressed Oops: Enabled (Zero based)
 Heap Region Size: 2M
 Heap Min Capacity: 8M
 Heap Initial Capacity: 254M
 Heap Max Capacity: 4042M
 Pre-touch: Disabled
 Parallel Workers: 8
 Concurrent Workers: 2
 Concurrent Refinement Workers: 8
 Periodic GC: Disabled
Heap:
 garbage-first heap   total 55296K, used 18102K [0x0000000703600000, 0x0000000800000000)
  region size 2048K, 1 young (2048K), 1 survivors (2048K)
 Metaspace       used 28734K, committed 29120K, reserved 1114112K
  class space    used 3154K, committed 3328K, reserved 1048576K
GC Heap History (11 events):
Event: 0.437 GC heap before
{Heap before GC invocations=0 (full 0):
 garbage-first heap   total 260096K, used 20480K [0x0000000703600000, 0x0000000800000000)
  region size 2048K, 11 young (22528K), 0 survivors (0K)
 Metaspace       used 14603K, committed 14784K, reserved 1114112K
  class space    used 1430K, committed 1536K, reserved 1048576K
}
Event: 0.440 GC heap after
{Heap after GC invocations=1 (full 0):
 garbage-first heap   total 260096K, used 8515K [0x0000000703600000, 0x0000000800000000)
  region size 2048K, 2 young (4096K), 2 survivors (4096K)
 Metaspace       used 14603K, committed 14784K, reserved 1114112K
  class space    used 1430K, committed 1536K, reserved 1048576K
}
Event: 0.661 GC heap before
{Heap before GC invocations=1 (full 0):
 garbage-first heap   total 260096K, used 28995K [0x0000000703600000, 0x0000000800000000)
  region size 2048K, 12 young (24576K), 2 survivors (4096K)
 Metaspace       used 18147K, committed 18432K, reserved 1114112K
  class space    used 1840K, committed 1984K, reserved 1048576K
}
Event: 0.663 GC heap after
{Heap after GC invocations=2 (full 0):
 garbage-first heap   total 260096K, used 9790K [0x0000000703600000, 0x0000000800000000)
  region size 2048K, 1 young (2048K), 1 survivors (2048K)
 Metaspace       used 18147K, committed 18432K, reserved 1114112K
  class space    used 1840K, committed 1984K, reserved 1048576K
}
Event: 0.803 GC heap before
{Heap before GC invocations=2 (full 0):
 garbage-first heap   total 260096K, used 22078K [0x0000000703600000, 0x0000000800000000)
  region size 2048K, 8 young (16384K), 1 survivors (2048K)
 Metaspace       used 21274K, committed 21504K, reserved 1114112K
  class space    used 2182K, committed 2304K, reserved 1048576K
}
Event: 0.804 GC heap after
{Heap after GC invocations=3 (full 0):
 garbage-first heap   total 260096K, used 12401K [0x0000000703600000, 0x0000000800000000)
  region size 2048K, 2 young (4096K), 2 survivors (4096K)
 Metaspace       used 21274K, committed 21504K, reserved 1114112K
  class space    used 2182K, committed 2304K, reserved 1048576K
}
Event: 1.010 GC heap before
{Heap before GC invocations=4 (full 0):
 garbage-first heap   total 55296K, used 34929K [0x0000000703600000, 0x0000000800000000)
  region size 2048K, 14 young (28672K), 2 survivors (4096K)
 Metaspace       used 24500K, committed 24768K, reserved 1114112K
  class space    used 2549K, committed 2688K, reserved 1048576K
}
Event: 1.015 GC heap after
{Heap after GC invocations=5 (full 0):
 garbage-first heap   total 55296K, used 17114K [0x0000000703600000, 0x0000000800000000)
  region size 2048K, 5 young (10240K), 5 survivors (10240K)
 Metaspace       used 24500K, committed 24768K, reserved 1114112K
  class space    used 2549K, committed 2688K, reserved 1048576K
}
Event: 1.116 GC heap before
{Heap before GC invocations=5 (full 0):
 garbage-first heap   total 55296K, used 19162K [0x0000000703600000, 0x0000000800000000)
  region size 2048K, 6 young (12288K), 5 survivors (10240K)
 Metaspace       used 25582K, committed 25856K, reserved 1114112K
  class space    used 2689K, committed 2816K, reserved 1048576K
}
Event: 1.121 GC heap after
{Heap after GC invocations=6 (full 0):
 garbage-first heap   total 55296K, used 18073K [0x0000000703600000, 0x0000000800000000)
  region size 2048K, 1 young (2048K), 1 survivors (2048K)
 Metaspace       used 25582K, committed 25856K, reserved 1114112K
  class space    used 2689K, committed 2816K, reserved 1048576K
}
Event: 14.081 GC heap before
{Heap before GC invocations=6 (full 0):
 garbage-first heap   total 55296K, used 32409K [0x0000000703600000, 0x0000000800000000)
  region size 2048K, 9 young (18432K), 1 survivors (2048K)
 Metaspace       used 28734K, committed 29120K, reserved 1114112K
  class space    used 3154K, committed 3328K, reserved 1048576K
}

