<?xml version="1.0" encoding="UTF-8"?>
<!-- Generated by org.testng.reporters.JUnitXMLReporter -->
<testsuite ignored="24" hostname="Tarun1323" failures="1" tests="1" name="Default test" time="22.952" errors="0" timestamp="2024-06-27T16:15:34 IST">
  <testcase classname="expenses.Reports" name="REP_TC_003" time="13.527">
    <failure type="org.openqa.selenium.NoSuchElementException" message="no such element: Unable to locate element: {&amp;quot;method&amp;quot;:&amp;quot;xpath&amp;quot;,&amp;quot;selector&amp;quot;:&amp;quot;//button[@class=&amp;apos;approve&amp;apos;]&amp;quot;}
  (Session info: chrome=125.0.6422.142)
For documentation on this error, please visit: https://www.selenium.dev/documentation/webdriver/troubleshooting/errors#no-such-element-exception
Build info: version: &amp;apos;4.19.1&amp;apos;, revision: &amp;apos;abe0ee07dc&amp;apos;
System info: os.name: &amp;apos;Windows 11&amp;apos;, os.arch: &amp;apos;amd64&amp;apos;, os.version: &amp;apos;10.0&amp;apos;, java.version: &amp;apos;17.0.8&amp;apos;
Driver info: org.openqa.selenium.chrome.ChromeDriver
Command: [a4eabd3ebf16f7c1af134063839fefb1, findElement {using=xpath, value=//button[@class=&amp;apos;approve&amp;apos;]}]
Capabilities {acceptInsecureCerts: false, browserName: chrome, browserVersion: 125.0.6422.142, chrome: {chromedriverVersion: 125.0.6422.141 (4b1e8393712..., userDataDir: C:\WINDOWS\TEMP\scoped_dir4...}, fedcm:accounts: true, goog:chromeOptions: {debuggerAddress: localhost:55026}, networkConnectionEnabled: false, pageLoadStrategy: normal, platformName: windows, proxy: Proxy(), se:cdp: ws://localhost:55026/devtoo..., se:cdpVersion: 125.0.6422.142, setWindowRect: true, strictFileInteractability: false, timeouts: {implicit: 0, pageLoad: 300000, script: 30000}, unhandledPromptBehavior: dismiss and notify, webauthn:extension:credBlob: true, webauthn:extension:largeBlob: true, webauthn:extension:minPinLength: true, webauthn:extension:prf: true, webauthn:virtualAuthenticators: true}
Session ID: a4eabd3ebf16f7c1af134063839fefb1">
      <![CDATA[org.openqa.selenium.NoSuchElementException: no such element: Unable to locate element: {"method":"xpath","selector":"//button[@class='approve']"}
  (Session info: chrome=125.0.6422.142)
For documentation on this error, please visit: https://www.selenium.dev/documentation/webdriver/troubleshooting/errors#no-such-element-exception
Build info: version: '4.19.1', revision: 'abe0ee07dc'
System info: os.name: 'Windows 11', os.arch: 'amd64', os.version: '10.0', java.version: '17.0.8'
Driver info: org.openqa.selenium.chrome.ChromeDriver
Command: [a4eabd3ebf16f7c1af134063839fefb1, findElement {using=xpath, value=//button[@class='approve']}]
Capabilities {acceptInsecureCerts: false, browserName: chrome, browserVersion: 125.0.6422.142, chrome: {chromedriverVersion: 125.0.6422.141 (4b1e8393712..., userDataDir: C:\WINDOWS\TEMP\scoped_dir4...}, fedcm:accounts: true, goog:chromeOptions: {debuggerAddress: localhost:55026}, networkConnectionEnabled: false, pageLoadStrategy: normal, platformName: windows, proxy: Proxy(), se:cdp: ws://localhost:55026/devtoo..., se:cdpVersion: 125.0.6422.142, setWindowRect: true, strictFileInteractability: false, timeouts: {implicit: 0, pageLoad: 300000, script: 30000}, unhandledPromptBehavior: dismiss and notify, webauthn:extension:credBlob: true, webauthn:extension:largeBlob: true, webauthn:extension:minPinLength: true, webauthn:extension:prf: true, webauthn:virtualAuthenticators: true}
Session ID: a4eabd3ebf16f7c1af134063839fefb1
at java.base/jdk.internal.reflect.NativeConstructorAccessorImpl.newInstance0(Native Method)
at java.base/jdk.internal.reflect.NativeConstructorAccessorImpl.newInstance(NativeConstructorAccessorImpl.java:77)
at java.base/jdk.internal.reflect.DelegatingConstructorAccessorImpl.newInstance(DelegatingConstructorAccessorImpl.java:45)
at java.base/java.lang.reflect.Constructor.newInstanceWithCaller(Constructor.java:499)
at java.base/java.lang.reflect.Constructor.newInstance(Constructor.java:480)
at org.openqa.selenium.remote.ErrorCodec.decode(ErrorCodec.java:167)
at org.openqa.selenium.remote.codec.w3c.W3CHttpResponseCodec.decode(W3CHttpResponseCodec.java:138)
at org.openqa.selenium.remote.codec.w3c.W3CHttpResponseCodec.decode(W3CHttpResponseCodec.java:50)
at org.openqa.selenium.remote.HttpCommandExecutor.execute(HttpCommandExecutor.java:190)
at org.openqa.selenium.remote.service.DriverCommandExecutor.invokeExecute(DriverCommandExecutor.java:216)
at org.openqa.selenium.remote.service.DriverCommandExecutor.execute(DriverCommandExecutor.java:174)
at org.openqa.selenium.remote.RemoteWebDriver.execute(RemoteWebDriver.java:518)
at org.openqa.selenium.remote.ElementLocation$ElementFinder$2.findElement(ElementLocation.java:165)
at org.openqa.selenium.remote.ElementLocation.findElement(ElementLocation.java:59)
at org.openqa.selenium.remote.RemoteWebDriver.findElement(RemoteWebDriver.java:355)
at org.openqa.selenium.remote.RemoteWebDriver.findElement(RemoteWebDriver.java:349)
at expenses.Reports.REP_TC_003(Reports.java:72)
at java.base/jdk.internal.reflect.NativeMethodAccessorImpl.invoke0(Native Method)
at java.base/jdk.internal.reflect.NativeMethodAccessorImpl.invoke(NativeMethodAccessorImpl.java:77)
at java.base/jdk.internal.reflect.DelegatingMethodAccessorImpl.invoke(DelegatingMethodAccessorImpl.java:43)
at java.base/java.lang.reflect.Method.invoke(Method.java:568)
at org.testng.internal.invokers.MethodInvocationHelper.invokeMethod(MethodInvocationHelper.java:139)
at org.testng.internal.invokers.TestInvoker.invokeMethod(TestInvoker.java:664)
at org.testng.internal.invokers.TestInvoker.invokeTestMethod(TestInvoker.java:228)
at org.testng.internal.invokers.MethodRunner.runInSequence(MethodRunner.java:63)
at org.testng.internal.invokers.TestInvoker$MethodInvocationAgent.invoke(TestInvoker.java:961)
at org.testng.internal.invokers.TestInvoker.invokeTestMethods(TestInvoker.java:201)
at org.testng.internal.invokers.TestMethodWorker.invokeTestMethods(TestMethodWorker.java:148)
at org.testng.internal.invokers.TestMethodWorker.run(TestMethodWorker.java:128)
at java.base/java.util.ArrayList.forEach(ArrayList.java:1511)
at org.testng.TestRunner.privateRun(TestRunner.java:819)
at org.testng.TestRunner.run(TestRunner.java:619)
at org.testng.SuiteRunner.runTest(SuiteRunner.java:443)
at org.testng.SuiteRunner.runSequentially(SuiteRunner.java:437)
at org.testng.SuiteRunner.privateRun(SuiteRunner.java:397)
at org.testng.SuiteRunner.run(SuiteRunner.java:336)
at org.testng.SuiteRunnerWorker.runSuite(SuiteRunnerWorker.java:52)
at org.testng.SuiteRunnerWorker.run(SuiteRunnerWorker.java:95)
at org.testng.TestNG.runSuitesSequentially(TestNG.java:1301)
at org.testng.TestNG.runSuitesLocally(TestNG.java:1228)
at org.testng.TestNG.runSuites(TestNG.java:1134)
at org.testng.TestNG.run(TestNG.java:1101)
at org.testng.remote.AbstractRemoteTestNG.run(AbstractRemoteTestNG.java:115)
at org.testng.remote.RemoteTestNG.initAndRun(RemoteTestNG.java:251)
at org.testng.remote.RemoteTestNG.main(RemoteTestNG.java:77)
]]>
    </failure>
  </testcase> <!-- REP_TC_003 -->
  <testcase classname="expenses.Reports" name="REP_TC_022" time="0.0">
    <ignored/>
  </testcase> <!-- REP_TC_022 -->
  <testcase classname="expenses.Reports" name="REP_TC_011" time="0.0">
    <ignored/>
  </testcase> <!-- REP_TC_011 -->
  <testcase classname="expenses.Reports" name="REP_TC_001" time="0.0">
    <ignored/>
  </testcase> <!-- REP_TC_001 -->
  <testcase classname="expenses.Reports" name="REP_TC_023" time="0.0">
    <ignored/>
  </testcase> <!-- REP_TC_023 -->
  <testcase classname="expenses.Reports" name="REP_TC_012" time="0.0">
    <ignored/>
  </testcase> <!-- REP_TC_012 -->
  <testcase classname="expenses.Reports" name="REP_TC_004" time="0.0">
    <ignored/>
  </testcase> <!-- REP_TC_004 -->
  <testcase classname="expenses.Reports" name="REP_TC_026" time="0.0">
    <ignored/>
  </testcase> <!-- REP_TC_026 -->
  <testcase classname="expenses.Reports" name="REP_TC_015" time="0.0">
    <ignored/>
  </testcase> <!-- REP_TC_015 -->
  <testcase classname="expenses.Reports" name="REP_TC_005" time="0.0">
    <ignored/>
  </testcase> <!-- REP_TC_005 -->
  <testcase classname="expenses.Reports" name="REP_TC_016" time="0.0">
    <ignored/>
  </testcase> <!-- REP_TC_016 -->
  <testcase classname="expenses.Reports" name="REP_TC_020" time="0.0">
    <ignored/>
  </testcase> <!-- REP_TC_020 -->
  <testcase classname="expenses.Reports" name="REP_TC_021" time="0.0">
    <ignored/>
  </testcase> <!-- REP_TC_021 -->
  <testcase classname="expenses.Reports" name="REP_TC_019" time="0.0">
    <ignored/>
  </testcase> <!-- REP_TC_019 -->
  <testcase classname="expenses.Reports" name="REP_TC_008" time="0.0">
    <ignored/>
  </testcase> <!-- REP_TC_008 -->
  <testcase classname="expenses.Reports" name="REP_TC_009" time="0.0">
    <ignored/>
  </testcase> <!-- REP_TC_009 -->
  <testcase classname="expenses.Reports" name="REP_TC_002" time="0.0">
    <ignored/>
  </testcase> <!-- REP_TC_002 -->
  <testcase classname="expenses.Reports" name="REP_TC_024" time="0.0">
    <ignored/>
  </testcase> <!-- REP_TC_024 -->
  <testcase classname="expenses.Reports" name="REP_TC_013" time="0.0">
    <ignored/>
  </testcase> <!-- REP_TC_013 -->
  <testcase classname="expenses.Reports" name="REP_TC_025" time="0.0">
    <ignored/>
  </testcase> <!-- REP_TC_025 -->
  <testcase classname="expenses.Reports" name="REP_TC_014" time="0.0">
    <ignored/>
  </testcase> <!-- REP_TC_014 -->
  <testcase classname="expenses.Reports" name="REP_TC_006" time="0.0">
    <ignored/>
  </testcase> <!-- REP_TC_006 -->
  <testcase classname="expenses.Reports" name="REP_TC_017" time="0.0">
    <ignored/>
  </testcase> <!-- REP_TC_017 -->
  <testcase classname="expenses.Reports" name="REP_TC_007" time="0.0">
    <ignored/>
  </testcase> <!-- REP_TC_007 -->
  <testcase classname="expenses.Reports" name="REP_TC_018" time="0.0">
    <ignored/>
  </testcase> <!-- REP_TC_018 -->
</testsuite> <!-- Default test -->
