<?xml version="1.0" encoding="UTF-8"?>
<!-- Generated by org.testng.reporters.JUnitXMLReporter -->
<testsuite ignored="3" hostname="QA" failures="0" tests="1" name="Default test" time="25.758" errors="0" timestamp="2024-05-16T13:05:07 IST">
  <testcase classname="expenses.Reports" name="Report_Approvals_Filters" time="14.675"/>
  <testcase classname="expenses.Reports" name="Report_Approvals_Sort" time="0.0">
    <ignored/>
  </testcase> <!-- Report_Approvals_Sort -->
  <testcase classname="expenses.Reports" name="Create_Report" time="0.0">
    <ignored/>
  </testcase> <!-- Create_Report -->
  <testcase classname="expenses.Reports" name="Report_Approvals_Search" time="0.0">
    <ignored/>
  </testcase> <!-- Report_Approvals_Search -->
</testsuite> <!-- Default test -->
