<?xml version="1.0" encoding="UTF-8"?>
<!-- Generated by org.testng.reporters.JUnitXMLReporter -->
<testsuite ignored="95" hostname="Tarun1323" failures="0" tests="1" name="Default test" time="12.44" errors="0" timestamp="2024-05-17T19:07:24 IST">
  <testcase classname="loginforgo.Sales" name="TC96" time="2.461"/>
  <testcase classname="loginforgo.Sales" name="TC79" time="0.0">
    <ignored/>
  </testcase> <!-- TC79 -->
  <testcase classname="loginforgo.Sales" name="TC35" time="0.0">
    <ignored/>
  </testcase> <!-- TC35 -->
  <testcase classname="loginforgo.Sales" name="TC59" time="0.0">
    <ignored/>
  </testcase> <!-- TC59 -->
  <testcase classname="loginforgo.Sales" name="TC15" time="0.0">
    <ignored/>
  </testcase> <!-- TC15 -->
  <testcase classname="loginforgo.Sales" name="TC89" time="0.0">
    <ignored/>
  </testcase> <!-- TC89 -->
  <testcase classname="loginforgo.Sales" name="TC45" time="0.0">
    <ignored/>
  </testcase> <!-- TC45 -->
  <testcase classname="loginforgo.Sales" name="TC71" time="0.0">
    <ignored/>
  </testcase> <!-- TC71 -->
  <testcase classname="loginforgo.Sales" name="TC29" time="0.0">
    <ignored/>
  </testcase> <!-- TC29 -->
  <testcase classname="loginforgo.Sales" name="TC95" time="0.0">
    <ignored/>
  </testcase> <!-- TC95 -->
  <testcase classname="loginforgo.Sales" name="TC51" time="0.0">
    <ignored/>
  </testcase> <!-- TC51 -->
  <testcase classname="loginforgo.Sales" name="TC81" time="0.0">
    <ignored/>
  </testcase> <!-- TC81 -->
  <testcase classname="loginforgo.Sales" name="TC39" time="0.0">
    <ignored/>
  </testcase> <!-- TC39 -->
  <testcase classname="loginforgo.Sales" name="TC69" time="0.0">
    <ignored/>
  </testcase> <!-- TC69 -->
  <testcase classname="loginforgo.Sales" name="TC25" time="0.0">
    <ignored/>
  </testcase> <!-- TC25 -->
  <testcase classname="loginforgo.Sales" name="TC19" time="0.0">
    <ignored/>
  </testcase> <!-- TC19 -->
  <testcase classname="loginforgo.Sales" name="TC49" time="0.0">
    <ignored/>
  </testcase> <!-- TC49 -->
  <testcase classname="loginforgo.Sales" name="TC5" time="0.0">
    <ignored/>
  </testcase> <!-- TC5 -->
  <testcase classname="loginforgo.Sales" name="TC54" time="0.0">
    <ignored/>
  </testcase> <!-- TC54 -->
  <testcase classname="loginforgo.Sales" name="TC10" time="0.0">
    <ignored/>
  </testcase> <!-- TC10 -->
  <testcase classname="loginforgo.Sales" name="TC64" time="0.0">
    <ignored/>
  </testcase> <!-- TC64 -->
  <testcase classname="loginforgo.Sales" name="TC20" time="0.0">
    <ignored/>
  </testcase> <!-- TC20 -->
  <testcase classname="loginforgo.Sales" name="TC1" time="0.0">
    <ignored/>
  </testcase> <!-- TC1 -->
  <testcase classname="loginforgo.Sales" name="TC94" time="0.0">
    <ignored/>
  </testcase> <!-- TC94 -->
  <testcase classname="loginforgo.Sales" name="TC50" time="0.0">
    <ignored/>
  </testcase> <!-- TC50 -->
  <testcase classname="loginforgo.Sales" name="TC88" time="0.0">
    <ignored/>
  </testcase> <!-- TC88 -->
  <testcase classname="loginforgo.Sales" name="TC44" time="0.0">
    <ignored/>
  </testcase> <!-- TC44 -->
  <testcase classname="loginforgo.Sales" name="TC74" time="0.0">
    <ignored/>
  </testcase> <!-- TC74 -->
  <testcase classname="loginforgo.Sales" name="TC30" time="0.0">
    <ignored/>
  </testcase> <!-- TC30 -->
  <testcase classname="loginforgo.Sales" name="TC90" time="0.0">
    <ignored/>
  </testcase> <!-- TC90 -->
  <testcase classname="loginforgo.Sales" name="TC9" time="0.0">
    <ignored/>
  </testcase> <!-- TC9 -->
  <testcase classname="loginforgo.Sales" name="TC80" time="0.0">
    <ignored/>
  </testcase> <!-- TC80 -->
  <testcase classname="loginforgo.Sales" name="TC46" time="0.0">
    <ignored/>
  </testcase> <!-- TC46 -->
  <testcase classname="loginforgo.Sales" name="TC26" time="0.0">
    <ignored/>
  </testcase> <!-- TC26 -->
  <testcase classname="loginforgo.Sales" name="TC56" time="0.0">
    <ignored/>
  </testcase> <!-- TC56 -->
  <testcase classname="loginforgo.Sales" name="TC12" time="0.0">
    <ignored/>
  </testcase> <!-- TC12 -->
  <testcase classname="loginforgo.Sales" name="TC82" time="0.0">
    <ignored/>
  </testcase> <!-- TC82 -->
  <testcase classname="loginforgo.Sales" name="TC62" time="0.0">
    <ignored/>
  </testcase> <!-- TC62 -->
  <testcase classname="loginforgo.Sales" name="TC92" time="0.0">
    <ignored/>
  </testcase> <!-- TC92 -->
  <testcase classname="loginforgo.Sales" name="TC36" time="0.0">
    <ignored/>
  </testcase> <!-- TC36 -->
  <testcase classname="loginforgo.Sales" name="TC16" time="0.0">
    <ignored/>
  </testcase> <!-- TC16 -->
  <testcase classname="loginforgo.Sales" name="TC65" time="0.0">
    <ignored/>
  </testcase> <!-- TC65 -->
  <testcase classname="loginforgo.Sales" name="TC21" time="0.0">
    <ignored/>
  </testcase> <!-- TC21 -->
  <testcase classname="loginforgo.Sales" name="TC4" time="0.0">
    <ignored/>
  </testcase> <!-- TC4 -->
  <testcase classname="loginforgo.Sales" name="TC75" time="0.0">
    <ignored/>
  </testcase> <!-- TC75 -->
  <testcase classname="loginforgo.Sales" name="TC31" time="0.0">
    <ignored/>
  </testcase> <!-- TC31 -->
  <testcase classname="loginforgo.Sales" name="TC61" time="0.0">
    <ignored/>
  </testcase> <!-- TC61 -->
  <testcase classname="loginforgo.Sales" name="TC55" time="0.0">
    <ignored/>
  </testcase> <!-- TC55 -->
  <testcase classname="loginforgo.Sales" name="TC11" time="0.0">
    <ignored/>
  </testcase> <!-- TC11 -->
  <testcase classname="loginforgo.Sales" name="TC85" time="0.0">
    <ignored/>
  </testcase> <!-- TC85 -->
  <testcase classname="loginforgo.Sales" name="TC41" time="0.0">
    <ignored/>
  </testcase> <!-- TC41 -->
  <testcase classname="loginforgo.Sales" name="TC91" time="0.0">
    <ignored/>
  </testcase> <!-- TC91 -->
  <testcase classname="loginforgo.Sales" name="TC8" time="0.0">
    <ignored/>
  </testcase> <!-- TC8 -->
  <testcase classname="loginforgo.Sales" name="TC57" time="0.0">
    <ignored/>
  </testcase> <!-- TC57 -->
  <testcase classname="loginforgo.Sales" name="TC13" time="0.0">
    <ignored/>
  </testcase> <!-- TC13 -->
  <testcase classname="loginforgo.Sales" name="TC37" time="0.0">
    <ignored/>
  </testcase> <!-- TC37 -->
  <testcase classname="loginforgo.Sales" name="TC67" time="0.0">
    <ignored/>
  </testcase> <!-- TC67 -->
  <testcase classname="loginforgo.Sales" name="TC23" time="0.0">
    <ignored/>
  </testcase> <!-- TC23 -->
  <testcase classname="loginforgo.Sales" name="TC93" time="0.0">
    <ignored/>
  </testcase> <!-- TC93 -->
  <testcase classname="loginforgo.Sales" name="TC73" time="0.0">
    <ignored/>
  </testcase> <!-- TC73 -->
  <testcase classname="loginforgo.Sales" name="TC17" time="0.0">
    <ignored/>
  </testcase> <!-- TC17 -->
  <testcase classname="loginforgo.Sales" name="TC47" time="0.0">
    <ignored/>
  </testcase> <!-- TC47 -->
  <testcase classname="loginforgo.Sales" name="TC27" time="0.0">
    <ignored/>
  </testcase> <!-- TC27 -->
  <testcase classname="loginforgo.Sales" name="TC76" time="0.0">
    <ignored/>
  </testcase> <!-- TC76 -->
  <testcase classname="loginforgo.Sales" name="TC32" time="0.0">
    <ignored/>
  </testcase> <!-- TC32 -->
  <testcase classname="loginforgo.Sales" name="TC86" time="0.0">
    <ignored/>
  </testcase> <!-- TC86 -->
  <testcase classname="loginforgo.Sales" name="TC42" time="0.0">
    <ignored/>
  </testcase> <!-- TC42 -->
  <testcase classname="loginforgo.Sales" name="TC72" time="0.0">
    <ignored/>
  </testcase> <!-- TC72 -->
  <testcase classname="loginforgo.Sales" name="TC66" time="0.0">
    <ignored/>
  </testcase> <!-- TC66 -->
  <testcase classname="loginforgo.Sales" name="TC22" time="0.0">
    <ignored/>
  </testcase> <!-- TC22 -->
  <testcase classname="loginforgo.Sales" name="TC3" time="0.0">
    <ignored/>
  </testcase> <!-- TC3 -->
  <testcase classname="loginforgo.Sales" name="TC52" time="0.0">
    <ignored/>
  </testcase> <!-- TC52 -->
  <testcase classname="loginforgo.Sales" name="TC68" time="0.0">
    <ignored/>
  </testcase> <!-- TC68 -->
  <testcase classname="loginforgo.Sales" name="TC24" time="0.0">
    <ignored/>
  </testcase> <!-- TC24 -->
  <testcase classname="loginforgo.Sales" name="TC48" time="0.0">
    <ignored/>
  </testcase> <!-- TC48 -->
  <testcase classname="loginforgo.Sales" name="TC7" time="0.0">
    <ignored/>
  </testcase> <!-- TC7 -->
  <testcase classname="loginforgo.Sales" name="TC78" time="0.0">
    <ignored/>
  </testcase> <!-- TC78 -->
  <testcase classname="loginforgo.Sales" name="TC34" time="0.0">
    <ignored/>
  </testcase> <!-- TC34 -->
  <testcase classname="loginforgo.Sales" name="TC60" time="0.0">
    <ignored/>
  </testcase> <!-- TC60 -->
  <testcase classname="loginforgo.Sales" name="TC18" time="0.0">
    <ignored/>
  </testcase> <!-- TC18 -->
  <testcase classname="loginforgo.Sales" name="TC84" time="0.0">
    <ignored/>
  </testcase> <!-- TC84 -->
  <testcase classname="loginforgo.Sales" name="TC40" time="0.0">
    <ignored/>
  </testcase> <!-- TC40 -->
  <testcase classname="loginforgo.Sales" name="TC70" time="0.0">
    <ignored/>
  </testcase> <!-- TC70 -->
  <testcase classname="loginforgo.Sales" name="TC28" time="0.0">
    <ignored/>
  </testcase> <!-- TC28 -->
  <testcase classname="loginforgo.Sales" name="TC58" time="0.0">
    <ignored/>
  </testcase> <!-- TC58 -->
  <testcase classname="loginforgo.Sales" name="TC14" time="0.0">
    <ignored/>
  </testcase> <!-- TC14 -->
  <testcase classname="loginforgo.Sales" name="TC38" time="0.0">
    <ignored/>
  </testcase> <!-- TC38 -->
  <testcase classname="loginforgo.Sales" name="TC87" time="0.0">
    <ignored/>
  </testcase> <!-- TC87 -->
  <testcase classname="loginforgo.Sales" name="TC43" time="0.0">
    <ignored/>
  </testcase> <!-- TC43 -->
  <testcase classname="loginforgo.Sales" name="TC53" time="0.0">
    <ignored/>
  </testcase> <!-- TC53 -->
  <testcase classname="loginforgo.Sales" name="TC83" time="0.0">
    <ignored/>
  </testcase> <!-- TC83 -->
  <testcase classname="loginforgo.Sales" name="TC6" time="0.0">
    <ignored/>
  </testcase> <!-- TC6 -->
  <testcase classname="loginforgo.Sales" name="TC77" time="0.0">
    <ignored/>
  </testcase> <!-- TC77 -->
  <testcase classname="loginforgo.Sales" name="TC33" time="0.0">
    <ignored/>
  </testcase> <!-- TC33 -->
  <testcase classname="loginforgo.Sales" name="TC63" time="0.0">
    <ignored/>
  </testcase> <!-- TC63 -->
  <testcase classname="loginforgo.Sales" name="TC2" time="0.0">
    <ignored/>
  </testcase> <!-- TC2 -->
</testsuite> <!-- Default test -->
