<?xml version="1.0" encoding="UTF-8"?>
<!-- Generated by org.testng.reporters.JUnitXMLReporter -->
<testsuite ignored="5" hostname="QA" failures="0" tests="1" name="Default test" time="5.177" errors="0" timestamp="2024-05-17T18:47:07 IST">
  <testcase classname="forgo.genericUtility.BaseClass" name="@BeforeMethod bmConfig" time="0.043">
    <failure type="org.openqa.selenium.InvalidSelectorException" message="Compound class names not permitted
For documentation on this error, please visit: https://www.selenium.dev/documentation/webdriver/troubleshooting/errors#invalid-selector-exception
Build info: version: &amp;apos;4.19.1&amp;apos;, revision: &amp;apos;abe0ee07dc&amp;apos;
System info: os.name: &amp;apos;Windows 11&amp;apos;, os.arch: &amp;apos;amd64&amp;apos;, os.version: &amp;apos;10.0&amp;apos;, java.version: &amp;apos;17.0.10&amp;apos;
Driver info: driver.version: unknown">
      <![CDATA[org.openqa.selenium.InvalidSelectorException: Compound class names not permitted
For documentation on this error, please visit: https://www.selenium.dev/documentation/webdriver/troubleshooting/errors#invalid-selector-exception
Build info: version: '4.19.1', revision: 'abe0ee07dc'
System info: os.name: 'Windows 11', os.arch: 'amd64', os.version: '10.0', java.version: '17.0.10'
Driver info: driver.version: unknown
at org.openqa.selenium.By$ByClassName.<init>(By.java:309)
at org.openqa.selenium.By.className(By.java:100)
at org.openqa.selenium.support.AbstractFindByBuilder.buildByFromShortFindBy(AbstractFindByBuilder.java:42)
at org.openqa.selenium.support.FindBy$FindByBuilder.buildIt(FindBy.java:83)
at org.openqa.selenium.support.pagefactory.Annotations.buildBy(Annotations.java:82)
at org.openqa.selenium.support.pagefactory.DefaultElementLocator.<init>(DefaultElementLocator.java:58)
at org.openqa.selenium.support.pagefactory.DefaultElementLocator.<init>(DefaultElementLocator.java:46)
at org.openqa.selenium.support.pagefactory.DefaultElementLocatorFactory.createLocator(DefaultElementLocatorFactory.java:32)
at org.openqa.selenium.support.pagefactory.DefaultFieldDecorator.decorate(DefaultFieldDecorator.java:55)
at org.openqa.selenium.support.PageFactory.proxyFields(PageFactory.java:109)
at org.openqa.selenium.support.PageFactory.initElements(PageFactory.java:101)
at org.openqa.selenium.support.PageFactory.initElements(PageFactory.java:88)
at org.openqa.selenium.support.PageFactory.initElements(PageFactory.java:76)
at forgo.ObjectRepository.LoginPage.<init>(LoginPage.java:24)
at forgo.genericUtility.BaseClass.bmConfig(BaseClass.java:62)
at java.base/jdk.internal.reflect.NativeMethodAccessorImpl.invoke0(Native Method)
at java.base/jdk.internal.reflect.NativeMethodAccessorImpl.invoke(NativeMethodAccessorImpl.java:77)
at java.base/jdk.internal.reflect.DelegatingMethodAccessorImpl.invoke(DelegatingMethodAccessorImpl.java:43)
at java.base/java.lang.reflect.Method.invoke(Method.java:568)
at org.testng.internal.MethodInvocationHelper.invokeMethod(MethodInvocationHelper.java:133)
at org.testng.internal.MethodInvocationHelper.invokeMethodConsideringTimeout(MethodInvocationHelper.java:62)
at org.testng.internal.ConfigInvoker.invokeConfigurationMethod(ConfigInvoker.java:385)
at org.testng.internal.ConfigInvoker.invokeConfigurations(ConfigInvoker.java:321)
at org.testng.internal.TestInvoker.runConfigMethods(TestInvoker.java:700)
at org.testng.internal.TestInvoker.invokeMethod(TestInvoker.java:527)
at org.testng.internal.TestInvoker.invokeTestMethod(TestInvoker.java:173)
at org.testng.internal.MethodRunner.runInSequence(MethodRunner.java:46)
at org.testng.internal.TestInvoker$MethodInvocationAgent.invoke(TestInvoker.java:824)
at org.testng.internal.TestInvoker.invokeTestMethods(TestInvoker.java:146)
at org.testng.internal.TestMethodWorker.invokeTestMethods(TestMethodWorker.java:146)
at org.testng.internal.TestMethodWorker.run(TestMethodWorker.java:128)
at java.base/java.util.ArrayList.forEach(ArrayList.java:1511)
at org.testng.TestRunner.privateRun(TestRunner.java:794)
at org.testng.TestRunner.run(TestRunner.java:596)
at org.testng.SuiteRunner.runTest(SuiteRunner.java:377)
at org.testng.SuiteRunner.runSequentially(SuiteRunner.java:371)
at org.testng.SuiteRunner.privateRun(SuiteRunner.java:332)
at org.testng.SuiteRunner.run(SuiteRunner.java:276)
at org.testng.SuiteRunnerWorker.runSuite(SuiteRunnerWorker.java:53)
at org.testng.SuiteRunnerWorker.run(SuiteRunnerWorker.java:96)
at org.testng.TestNG.runSuitesSequentially(TestNG.java:1212)
at org.testng.TestNG.runSuitesLocally(TestNG.java:1134)
at org.testng.TestNG.runSuites(TestNG.java:1063)
at org.testng.TestNG.run(TestNG.java:1031)
at org.testng.remote.AbstractRemoteTestNG.run(AbstractRemoteTestNG.java:115)
at org.testng.remote.RemoteTestNG.initAndRun(RemoteTestNG.java:251)
at org.testng.remote.RemoteTestNG.main(RemoteTestNG.java:77)
]]>
    </failure>
  </testcase> <!-- @BeforeMethod bmConfig -->
  <testcase classname="forgo.genericUtility.BaseClass" name="@AfterMethod amConfig" time="-1.715951827395E9">
    <skipped/>
  </testcase> <!-- @AfterMethod amConfig -->
  <testcase classname="forgo.genericUtility.BaseClass" name="@AfterClass acConfig" time="-1.715951827398E9">
    <skipped/>
  </testcase> <!-- @AfterClass acConfig -->
  <testcase classname="expenses.Reports" name="Unlink_Expense_From_Report" time="0.0">
    <skipped/>
  </testcase> <!-- Unlink_Expense_From_Report -->
  <testcase classname="expenses.Reports" name="Report_Approvals_Sort" time="0.0">
    <ignored/>
  </testcase> <!-- Report_Approvals_Sort -->
  <testcase classname="expenses.Reports" name="Create_Report" time="0.0">
    <ignored/>
  </testcase> <!-- Create_Report -->
  <testcase classname="expenses.Reports" name="Add_Expense_In_Report" time="0.0">
    <ignored/>
  </testcase> <!-- Add_Expense_In_Report -->
  <testcase classname="expenses.Reports" name="Report_Approvals_Filters" time="0.0">
    <ignored/>
  </testcase> <!-- Report_Approvals_Filters -->
  <testcase classname="expenses.Reports" name="Report_Approvals_Search" time="0.0">
    <ignored/>
  </testcase> <!-- Report_Approvals_Search -->
</testsuite> <!-- Default test -->
