<?xml version="1.0" encoding="UTF-8"?>
<!-- Generated by org.testng.reporters.JUnitXMLReporter -->
<testsuite ignored="13" hostname="QA" failures="0" tests="1" name="Default test" time="17.737" errors="0" timestamp="2024-05-24T17:26:13 IST">
  <testcase classname="expenses.Advances" name="ADV_TC_013" time="6.444"/>
  <testcase classname="expenses.Advances" name="ADV_TC_009" time="0.0">
    <ignored/>
  </testcase> <!-- ADV_TC_009 -->
  <testcase classname="expenses.Advances" name="ADV_TC_004" time="0.0">
    <ignored/>
  </testcase> <!-- ADV_TC_004 -->
  <testcase classname="expenses.Advances" name="ADV_TC_005" time="0.0">
    <ignored/>
  </testcase> <!-- ADV_TC_005 -->
  <testcase classname="expenses.Advances" name="ADV_TC_006" time="0.0">
    <ignored/>
  </testcase> <!-- ADV_TC_006 -->
  <testcase classname="expenses.Advances" name="ADV_TC_007" time="0.0">
    <ignored/>
  </testcase> <!-- ADV_TC_007 -->
  <testcase classname="expenses.Advances" name="ADV_TC_012" time="0.0">
    <ignored/>
  </testcase> <!-- ADV_TC_012 -->
  <testcase classname="expenses.Advances" name="ADV_TC_001" time="0.0">
    <ignored/>
  </testcase> <!-- ADV_TC_001 -->
  <testcase classname="expenses.Advances" name="ADV_TC_002" time="0.0">
    <ignored/>
  </testcase> <!-- ADV_TC_002 -->
  <testcase classname="expenses.Advances" name="ADV_TC_014" time="0.0">
    <ignored/>
  </testcase> <!-- ADV_TC_014 -->
  <testcase classname="expenses.Advances" name="ADV_TC_003" time="0.0">
    <ignored/>
  </testcase> <!-- ADV_TC_003 -->
  <testcase classname="expenses.Advances" name="ADV_TC_010" time="0.0">
    <ignored/>
  </testcase> <!-- ADV_TC_010 -->
  <testcase classname="expenses.Advances" name="ADV_TC_008" time="0.0">
    <ignored/>
  </testcase> <!-- ADV_TC_008 -->
  <testcase classname="expenses.Advances" name="ADV_TC_011" time="0.0">
    <ignored/>
  </testcase> <!-- ADV_TC_011 -->
</testsuite> <!-- Default test -->
