<?xml version="1.0" encoding="UTF-8"?>
<!-- Generated by org.testng.reporters.JUnitXMLReporter -->
<testsuite ignored="12" hostname="QA" failures="0" tests="1" name="Default test" time="11.752" errors="0" timestamp="2024-05-21T10:42:28 IST">
  <testcase classname="expenses.Reports" name="REP_TC_003" time="3.677"/>
  <testcase classname="expenses.Reports" name="REP_TC_010" time="0.0">
    <ignored/>
  </testcase> <!-- REP_TC_010 -->
  <testcase classname="expenses.Reports" name="REP_TC_011" time="0.0">
    <ignored/>
  </testcase> <!-- REP_TC_011 -->
  <testcase classname="expenses.Reports" name="REP_TC_001" time="0.0">
    <ignored/>
  </testcase> <!-- REP_TC_001 -->
  <testcase classname="expenses.Reports" name="REP_TC_012" time="0.0">
    <ignored/>
  </testcase> <!-- REP_TC_012 -->
  <testcase classname="expenses.Reports" name="REP_TC_004" time="0.0">
    <ignored/>
  </testcase> <!-- REP_TC_004 -->
  <testcase classname="expenses.Reports" name="REP_TC_005" time="0.0">
    <ignored/>
  </testcase> <!-- REP_TC_005 -->
  <testcase classname="expenses.Reports" name="REP_TC_007" time="0.0">
    <ignored/>
  </testcase> <!-- REP_TC_007 -->
  <testcase classname="expenses.Reports" name="REP_TC_008" time="0.0">
    <ignored/>
  </testcase> <!-- REP_TC_008 -->
  <testcase classname="expenses.Reports" name="REP_TC_009" time="0.0">
    <ignored/>
  </testcase> <!-- REP_TC_009 -->
  <testcase classname="expenses.Reports" name="REP_TC_002" time="0.0">
    <ignored/>
  </testcase> <!-- REP_TC_002 -->
  <testcase classname="expenses.Reports" name="REP_TC_013" time="0.0">
    <ignored/>
  </testcase> <!-- REP_TC_013 -->
  <testcase classname="expenses.Reports" name="REP_TC_006" time="0.0">
    <ignored/>
  </testcase> <!-- REP_TC_006 -->
</testsuite> <!-- Default test -->
