<?xml version="1.0" encoding="UTF-8"?>
<!-- Generated by org.testng.reporters.JUnitXMLReporter -->
<testsuite ignored="24" hostname="QA" failures="0" tests="1" name="Default test" time="22.318" errors="0" timestamp="2024-05-21T17:25:30 IST">
  <testcase classname="expenses.Reports" name="REP_TC_023" time="13.933"/>
  <testcase classname="expenses.Reports" name="REP_TC_021" time="0.0">
    <ignored/>
  </testcase> <!-- REP_TC_021 -->
  <testcase classname="expenses.Reports" name="REP_TC_022" time="0.0">
    <ignored/>
  </testcase> <!-- REP_TC_022 -->
  <testcase classname="expenses.Reports" name="REP_TC_011" time="0.0">
    <ignored/>
  </testcase> <!-- REP_TC_011 -->
  <testcase classname="expenses.Reports" name="REP_TC_001" time="0.0">
    <ignored/>
  </testcase> <!-- REP_TC_001 -->
  <testcase classname="expenses.Reports" name="REP_TC_012" time="0.0">
    <ignored/>
  </testcase> <!-- REP_TC_012 -->
  <testcase classname="expenses.Reports" name="REP_TC_003" time="0.0">
    <ignored/>
  </testcase> <!-- REP_TC_003 -->
  <testcase classname="expenses.Reports" name="REP_TC_025" time="0.0">
    <ignored/>
  </testcase> <!-- REP_TC_025 -->
  <testcase classname="expenses.Reports" name="REP_TC_014" time="0.0">
    <ignored/>
  </testcase> <!-- REP_TC_014 -->
  <testcase classname="expenses.Reports" name="REP_TC_004" time="0.0">
    <ignored/>
  </testcase> <!-- REP_TC_004 -->
  <testcase classname="expenses.Reports" name="REP_TC_026" time="0.0">
    <ignored/>
  </testcase> <!-- REP_TC_026 -->
  <testcase classname="expenses.Reports" name="REP_TC_015" time="0.0">
    <ignored/>
  </testcase> <!-- REP_TC_015 -->
  <testcase classname="expenses.Reports" name="REP_TC_005" time="0.0">
    <ignored/>
  </testcase> <!-- REP_TC_005 -->
  <testcase classname="expenses.Reports" name="REP_TC_016" time="0.0">
    <ignored/>
  </testcase> <!-- REP_TC_016 -->
  <testcase classname="expenses.Reports" name="REP_TC_020" time="0.0">
    <ignored/>
  </testcase> <!-- REP_TC_020 -->
  <testcase classname="expenses.Reports" name="REP_TC_007" time="0.0">
    <ignored/>
  </testcase> <!-- REP_TC_007 -->
  <testcase classname="expenses.Reports" name="REP_TC_018" time="0.0">
    <ignored/>
  </testcase> <!-- REP_TC_018 -->
  <testcase classname="expenses.Reports" name="REP_TC_008" time="0.0">
    <ignored/>
  </testcase> <!-- REP_TC_008 -->
  <testcase classname="expenses.Reports" name="REP_TC_019" time="0.0">
    <ignored/>
  </testcase> <!-- REP_TC_019 -->
  <testcase classname="expenses.Reports" name="REP_TC_009" time="0.0">
    <ignored/>
  </testcase> <!-- REP_TC_009 -->
  <testcase classname="expenses.Reports" name="REP_TC_002" time="0.0">
    <ignored/>
  </testcase> <!-- REP_TC_002 -->
  <testcase classname="expenses.Reports" name="REP_TC_024" time="0.0">
    <ignored/>
  </testcase> <!-- REP_TC_024 -->
  <testcase classname="expenses.Reports" name="REP_TC_013" time="0.0">
    <ignored/>
  </testcase> <!-- REP_TC_013 -->
  <testcase classname="expenses.Reports" name="REP_TC_006" time="0.0">
    <ignored/>
  </testcase> <!-- REP_TC_006 -->
  <testcase classname="expenses.Reports" name="REP_TC_017" time="0.0">
    <ignored/>
  </testcase> <!-- REP_TC_017 -->
</testsuite> <!-- Default test -->
