<?xml version="1.0" encoding="UTF-8"?>
<!-- Generated by org.testng.reporters.JUnitXMLReporter -->
<testsuite ignored="13" hostname="Tarun1323" failures="0" tests="1" name="Default test" time="17.403" errors="0" timestamp="2024-05-20T19:34:29 IST">
  <testcase classname="sales.Delivery_Chalana" name="TC90" time="8.382"/>
  <testcase classname="sales.Delivery_Chalana" name="TC80" time="0.0">
    <ignored/>
  </testcase> <!-- TC80 -->
  <testcase classname="sales.Delivery_Chalana" name="TC85" time="0.0">
    <ignored/>
  </testcase> <!-- TC85 -->
  <testcase classname="sales.Delivery_Chalana" name="TC88" time="0.0">
    <ignored/>
  </testcase> <!-- TC88 -->
  <testcase classname="sales.Delivery_Chalana" name="TC77" time="0.0">
    <ignored/>
  </testcase> <!-- TC77 -->
  <testcase classname="sales.Delivery_Chalana" name="TC81" time="0.0">
    <ignored/>
  </testcase> <!-- TC81 -->
  <testcase classname="sales.Delivery_Chalana" name="TC86" time="0.0">
    <ignored/>
  </testcase> <!-- TC86 -->
  <testcase classname="sales.Delivery_Chalana" name="TC87" time="0.0">
    <ignored/>
  </testcase> <!-- TC87 -->
  <testcase classname="sales.Delivery_Chalana" name="TC84" time="0.0">
    <ignored/>
  </testcase> <!-- TC84 -->
  <testcase classname="sales.Delivery_Chalana" name="TC82" time="0.0">
    <ignored/>
  </testcase> <!-- TC82 -->
  <testcase classname="sales.Delivery_Chalana" name="TC83" time="0.0">
    <ignored/>
  </testcase> <!-- TC83 -->
  <testcase classname="sales.Delivery_Chalana" name="TC89" time="0.0">
    <ignored/>
  </testcase> <!-- TC89 -->
  <testcase classname="sales.Delivery_Chalana" name="TC78" time="0.0">
    <ignored/>
  </testcase> <!-- TC78 -->
  <testcase classname="sales.Delivery_Chalana" name="TC79" time="0.0">
    <ignored/>
  </testcase> <!-- TC79 -->
</testsuite> <!-- Default test -->
