<?xml version="1.0" encoding="UTF-8"?>
<testng-results ignored="5" total="6" passed="1" failed="0" skipped="0">
  <reporter-output>
    <line>
      <![CDATA[----Database connected Successfully----]]>
    </line>
    <line>
      <![CDATA[----browser launched Successfully----]]>
    </line>
    <line>
      <![CDATA[----Login Successfull----]]>
    </line>
    <line>
      <![CDATA[----logout sucessfull----]]>
    </line>
    <line>
      <![CDATA[----browser Closed Successfull----]]>
    </line>
    <line>
      <![CDATA[----Database Closed Successfull----]]>
    </line>
  </reporter-output>
  <suite started-at="2024-05-18T14:36:01 IST" name="Default suite" finished-at="2024-05-18T14:36:14 IST" duration-ms="13428">
    <groups>
    </groups>
    <test started-at="2024-05-18T14:36:01 IST" name="Default test" finished-at="2024-05-18T14:36:14 IST" duration-ms="13428">
      <class name="expenses.Reports">
        <test-method is-config="true" signature="bsConfig()[pri:0, instance:expenses.Reports@229c6181]" started-at="2024-05-18T14:36:01 IST" name="bsConfig" finished-at="2024-05-18T14:36:01 IST" duration-ms="9" status="PASS">
          <reporter-output>
            <line>
              <![CDATA[----Database connected Successfully----]]>
            </line>
          </reporter-output>
        </test-method> <!-- bsConfig -->
        <test-method is-config="true" signature="bcConfig()[pri:0, instance:expenses.Reports@229c6181]" started-at="2024-05-18T14:36:01 IST" name="bcConfig" finished-at="2024-05-18T14:36:06 IST" duration-ms="5193" status="PASS">
          <reporter-output>
            <line>
              <![CDATA[----browser launched Successfully----]]>
            </line>
          </reporter-output>
        </test-method> <!-- bcConfig -->
        <test-method is-config="true" signature="bmlConfig()[pri:0, instance:expenses.Reports@229c6181]" started-at="2024-05-18T14:36:06 IST" name="bmlConfig" finished-at="2024-05-18T14:36:08 IST" duration-ms="1371" status="PASS">
          <reporter-output>
            <line>
              <![CDATA[----Login Successfull----]]>
            </line>
          </reporter-output>
        </test-method> <!-- bmlConfig -->
        <test-method signature="Report_Approvals_Search()[pri:0, instance:expenses.Reports@229c6181]" started-at="2024-05-18T14:36:08 IST" name="Report_Approvals_Search" finished-at="2024-05-18T14:36:14 IST" duration-ms="6191" status="PASS">
          <reporter-output>
          </reporter-output>
        </test-method> <!-- Report_Approvals_Search -->
        <test-method is-config="true" signature="amConfig()[pri:0, instance:expenses.Reports@229c6181]" started-at="2024-05-18T14:36:14 IST" name="amConfig" finished-at="2024-05-18T14:36:14 IST" duration-ms="355" status="PASS">
          <reporter-output>
            <line>
              <![CDATA[----logout sucessfull----]]>
            </line>
          </reporter-output>
        </test-method> <!-- amConfig -->
        <test-method is-config="true" signature="acConfig()[pri:0, instance:expenses.Reports@229c6181]" started-at="2024-05-18T14:36:14 IST" name="acConfig" finished-at="2024-05-18T14:36:14 IST" duration-ms="260" status="PASS">
          <reporter-output>
            <line>
              <![CDATA[----browser Closed Successfull----]]>
            </line>
          </reporter-output>
        </test-method> <!-- acConfig -->
        <test-method is-config="true" signature="asConfig()[pri:0, instance:expenses.Reports@229c6181]" started-at="2024-05-18T14:36:14 IST" name="asConfig" finished-at="2024-05-18T14:36:14 IST" duration-ms="0" status="PASS">
          <reporter-output>
            <line>
              <![CDATA[----Database Closed Successfull----]]>
            </line>
          </reporter-output>
        </test-method> <!-- asConfig -->
      </class> <!-- expenses.Reports -->
    </test> <!-- Default test -->
  </suite> <!-- Default suite -->
</testng-results>
