<?xml version="1.0" encoding="UTF-8"?>
<testng-results ignored="1" total="2" passed="1" failed="0" skipped="0">
  <reporter-output>
  </reporter-output>
  <suite started-at="2024-05-14T14:25:49 IST" name="Default suite" finished-at="2024-05-14T14:26:14 IST" duration-ms="25125">
    <groups>
    </groups>
    <test started-at="2024-05-14T14:25:49 IST" name="Default test" finished-at="2024-05-14T14:26:14 IST" duration-ms="25125">
      <class name="expenses.Expenses">
        <test-method is-config="true" signature="setup()[pri:0, instance:expenses.Expenses@1de76cc7]" started-at="2024-05-14T14:25:49 IST" name="setup" finished-at="2024-05-14T14:25:56 IST" duration-ms="6822" status="PASS">
          <reporter-output>
          </reporter-output>
        </test-method> <!-- setup -->
        <test-method signature="Create_Expense()[pri:0, instance:expenses.Expenses@1de76cc7]" started-at="2024-05-14T14:25:56 IST" name="Create_Expense" finished-at="2024-05-14T14:26:11 IST" duration-ms="15126" status="PASS">
          <reporter-output>
          </reporter-output>
        </test-method> <!-- Create_Expense -->
        <test-method is-config="true" signature="closebrowser()[pri:0, instance:expenses.Expenses@1de76cc7]" started-at="2024-05-14T14:26:11 IST" name="closebrowser" finished-at="2024-05-14T14:26:14 IST" duration-ms="3146" status="PASS">
          <reporter-output>
          </reporter-output>
        </test-method> <!-- closebrowser -->
      </class> <!-- expenses.Expenses -->
    </test> <!-- Default test -->
  </suite> <!-- Default suite -->
</testng-results>
