<?xml version="1.0" encoding="UTF-8"?>
<testng-results ignored="0" total="1" passed="1" failed="0" skipped="0">
  <reporter-output>
  </reporter-output>
  <suite started-at="2024-05-08T12:14:41 IST" name="Default suite" finished-at="2024-05-08T12:14:58 IST" duration-ms="16847">
    <groups>
    </groups>
    <test started-at="2024-05-08T12:14:41 IST" name="Default test" finished-at="2024-05-08T12:14:58 IST" duration-ms="16847">
      <class name="loginforgo.Sales">
        <test-method is-config="true" signature="setup()[pri:0, instance:loginforgo.Sales@74287ea3]" started-at="2024-05-08T12:14:41 IST" name="setup" finished-at="2024-05-08T12:14:53 IST" duration-ms="11863" status="PASS">
          <reporter-output>
          </reporter-output>
        </test-method> <!-- setup -->
        <test-method signature="TC58()[pri:0, instance:loginforgo.Sales@74287ea3]" started-at="2024-05-08T12:14:53 IST" name="TC58" description="Add Filters" finished-at="2024-05-08T12:14:55 IST" duration-ms="1749" status="PASS">
          <reporter-output>
          </reporter-output>
        </test-method> <!-- TC58 -->
        <test-method is-config="true" signature="teardown()[pri:0, instance:loginforgo.Sales@74287ea3]" started-at="2024-05-08T12:14:55 IST" name="teardown" finished-at="2024-05-08T12:14:58 IST" duration-ms="3201" status="PASS">
          <reporter-output>
          </reporter-output>
        </test-method> <!-- teardown -->
      </class> <!-- loginforgo.Sales -->
    </test> <!-- Default test -->
  </suite> <!-- Default suite -->
</testng-results>
