<?xml version="1.0" encoding="UTF-8"?>
<testng-results ignored="13" total="14" passed="1" failed="0" skipped="0">
  <reporter-output>
    <line>
      <![CDATA[----Database connected Successfully----]]>
    </line>
    <line>
      <![CDATA[----browser launched Successfully----]]>
    </line>
    <line>
      <![CDATA[----Login Successfull----]]>
    </line>
    <line>
      <![CDATA[----logout sucessfull----]]>
    </line>
    <line>
      <![CDATA[----browser Closed Successfull----]]>
    </line>
    <line>
      <![CDATA[----Database Closed Successfull----]]>
    </line>
  </reporter-output>
  <suite started-at="2024-05-24T17:25:55 IST" name="Default suite" finished-at="2024-05-24T17:26:13 IST" duration-ms="17737">
    <groups>
    </groups>
    <test started-at="2024-05-24T17:25:55 IST" name="Default test" finished-at="2024-05-24T17:26:13 IST" duration-ms="17737">
      <class name="expenses.Advances">
        <test-method is-config="true" signature="bsConfig()[pri:0, instance:expenses.Advances@1ffaf86]" started-at="2024-05-24T17:25:55 IST" name="bsConfig" finished-at="2024-05-24T17:25:55 IST" duration-ms="8" status="PASS">
          <reporter-output>
            <line>
              <![CDATA[----Database connected Successfully----]]>
            </line>
          </reporter-output>
        </test-method> <!-- bsConfig -->
        <test-method is-config="true" signature="bcConfig()[pri:0, instance:expenses.Advances@1ffaf86]" started-at="2024-05-24T17:25:55 IST" name="bcConfig" finished-at="2024-05-24T17:26:02 IST" duration-ms="7333" status="PASS">
          <reporter-output>
            <line>
              <![CDATA[----browser launched Successfully----]]>
            </line>
          </reporter-output>
        </test-method> <!-- bcConfig -->
        <test-method is-config="true" signature="bmlConfig()[pri:0, instance:expenses.Advances@1ffaf86]" started-at="2024-05-24T17:26:02 IST" name="bmlConfig" finished-at="2024-05-24T17:26:05 IST" duration-ms="2547" status="PASS">
          <reporter-output>
            <line>
              <![CDATA[----Login Successfull----]]>
            </line>
          </reporter-output>
        </test-method> <!-- bmlConfig -->
        <test-method signature="ADV_TC_013()[pri:0, instance:expenses.Advances@1ffaf86]" started-at="2024-05-24T17:26:05 IST" name="ADV_TC_013" description="Advances_Approvals_Search" finished-at="2024-05-24T17:26:11 IST" duration-ms="6444" status="PASS">
          <reporter-output>
          </reporter-output>
        </test-method> <!-- ADV_TC_013 -->
        <test-method is-config="true" signature="amConfig()[pri:0, instance:expenses.Advances@1ffaf86]" started-at="2024-05-24T17:26:11 IST" name="amConfig" finished-at="2024-05-24T17:26:12 IST" duration-ms="1174" status="PASS">
          <reporter-output>
            <line>
              <![CDATA[----logout sucessfull----]]>
            </line>
          </reporter-output>
        </test-method> <!-- amConfig -->
        <test-method is-config="true" signature="acConfig()[pri:0, instance:expenses.Advances@1ffaf86]" started-at="2024-05-24T17:26:12 IST" name="acConfig" finished-at="2024-05-24T17:26:13 IST" duration-ms="192" status="PASS">
          <reporter-output>
            <line>
              <![CDATA[----browser Closed Successfull----]]>
            </line>
          </reporter-output>
        </test-method> <!-- acConfig -->
        <test-method is-config="true" signature="asConfig()[pri:0, instance:expenses.Advances@1ffaf86]" started-at="2024-05-24T17:26:13 IST" name="asConfig" finished-at="2024-05-24T17:26:13 IST" duration-ms="0" status="PASS">
          <reporter-output>
            <line>
              <![CDATA[----Database Closed Successfull----]]>
            </line>
          </reporter-output>
        </test-method> <!-- asConfig -->
      </class> <!-- expenses.Advances -->
    </test> <!-- Default test -->
  </suite> <!-- Default suite -->
</testng-results>
