<?xml version="1.0" encoding="UTF-8"?>
<testng-results ignored="5" total="6" passed="1" failed="0" skipped="0">
  <reporter-output>
  </reporter-output>
  <suite started-at="2024-05-16T18:59:45 IST" name="Default suite" finished-at="2024-05-16T19:00:08 IST" duration-ms="22798">
    <groups>
    </groups>
    <test started-at="2024-05-16T18:59:45 IST" name="Default test" finished-at="2024-05-16T19:00:08 IST" duration-ms="22798">
      <class name="expenses.Reports">
        <test-method is-config="true" signature="setup()[pri:0, instance:expenses.Reports@434a63ab]" started-at="2024-05-16T18:59:45 IST" name="setup" finished-at="2024-05-16T18:59:53 IST" duration-ms="8027" status="PASS">
          <reporter-output>
          </reporter-output>
        </test-method> <!-- setup -->
        <test-method signature="Unlink_Expense_From_Report()[pri:0, instance:expenses.Reports@434a63ab]" started-at="2024-05-16T18:59:53 IST" name="Unlink_Expense_From_Report" finished-at="2024-05-16T19:00:04 IST" duration-ms="11576" status="PASS">
          <reporter-output>
          </reporter-output>
        </test-method> <!-- Unlink_Expense_From_Report -->
        <test-method is-config="true" signature="closebrowser()[pri:0, instance:expenses.Reports@434a63ab]" started-at="2024-05-16T19:00:04 IST" name="closebrowser" finished-at="2024-05-16T19:00:08 IST" duration-ms="3161" status="PASS">
          <reporter-output>
          </reporter-output>
        </test-method> <!-- closebrowser -->
      </class> <!-- expenses.Reports -->
    </test> <!-- Default test -->
  </suite> <!-- Default suite -->
</testng-results>
