<?xml version="1.0" encoding="UTF-8"?>
<testng-results ignored="13" total="14" passed="1" failed="0" skipped="0">
  <reporter-output>
    <line>
      <![CDATA[----Database connected Successfully----]]>
    </line>
    <line>
      <![CDATA[----browser launched Successfully----]]>
    </line>
    <line>
      <![CDATA[----Login Successfull----]]>
    </line>
    <line>
      <![CDATA[----logout sucessfull----]]>
    </line>
    <line>
      <![CDATA[----browser Closed Successfull----]]>
    </line>
    <line>
      <![CDATA[----Database Closed Successfull----]]>
    </line>
  </reporter-output>
  <suite started-at="2024-05-30T19:13:06 IST" name="Default suite" finished-at="2024-05-30T19:13:21 IST" duration-ms="14255">
    <groups>
    </groups>
    <test started-at="2024-05-30T19:13:06 IST" name="Default test" finished-at="2024-05-30T19:13:21 IST" duration-ms="14255">
      <class name="expenses.Trips">
        <test-method is-config="true" signature="bsConfig()[pri:0, instance:expenses.Trips@1ffaf86]" started-at="2024-05-30T19:13:06 IST" name="bsConfig" finished-at="2024-05-30T19:13:06 IST" duration-ms="8" status="PASS">
          <reporter-output>
            <line>
              <![CDATA[----Database connected Successfully----]]>
            </line>
          </reporter-output>
        </test-method> <!-- bsConfig -->
        <test-method is-config="true" signature="bcConfig()[pri:0, instance:expenses.Trips@1ffaf86]" started-at="2024-05-30T19:13:06 IST" name="bcConfig" finished-at="2024-05-30T19:13:11 IST" duration-ms="4933" status="PASS">
          <reporter-output>
            <line>
              <![CDATA[----browser launched Successfully----]]>
            </line>
          </reporter-output>
        </test-method> <!-- bcConfig -->
        <test-method is-config="true" signature="bmlConfig()[pri:0, instance:expenses.Trips@1ffaf86]" started-at="2024-05-30T19:13:11 IST" name="bmlConfig" finished-at="2024-05-30T19:13:14 IST" duration-ms="2276" status="PASS">
          <reporter-output>
            <line>
              <![CDATA[----Login Successfull----]]>
            </line>
          </reporter-output>
        </test-method> <!-- bmlConfig -->
        <test-method signature="TRIP_TC_014()[pri:0, instance:expenses.Trips@1ffaf86]" started-at="2024-05-30T19:13:14 IST" name="TRIP_TC_014" description="Close_Trip" finished-at="2024-05-30T19:13:18 IST" duration-ms="4659" status="PASS">
          <reporter-output>
          </reporter-output>
        </test-method> <!-- TRIP_TC_014 -->
        <test-method is-config="true" signature="amConfig()[pri:0, instance:expenses.Trips@1ffaf86]" started-at="2024-05-30T19:13:18 IST" name="amConfig" finished-at="2024-05-30T19:13:20 IST" duration-ms="2171" status="PASS">
          <reporter-output>
            <line>
              <![CDATA[----logout sucessfull----]]>
            </line>
          </reporter-output>
        </test-method> <!-- amConfig -->
        <test-method is-config="true" signature="acConfig()[pri:0, instance:expenses.Trips@1ffaf86]" started-at="2024-05-30T19:13:20 IST" name="acConfig" finished-at="2024-05-30T19:13:21 IST" duration-ms="166" status="PASS">
          <reporter-output>
            <line>
              <![CDATA[----browser Closed Successfull----]]>
            </line>
          </reporter-output>
        </test-method> <!-- acConfig -->
        <test-method is-config="true" signature="asConfig()[pri:0, instance:expenses.Trips@1ffaf86]" started-at="2024-05-30T19:13:21 IST" name="asConfig" finished-at="2024-05-30T19:13:21 IST" duration-ms="0" status="PASS">
          <reporter-output>
            <line>
              <![CDATA[----Database Closed Successfull----]]>
            </line>
          </reporter-output>
        </test-method> <!-- asConfig -->
      </class> <!-- expenses.Trips -->
    </test> <!-- Default test -->
  </suite> <!-- Default suite -->
</testng-results>
