<?xml version="1.0" encoding="UTF-8"?>
<testng-results ignored="0" total="1" passed="1" failed="0" skipped="0">
  <reporter-output>
  </reporter-output>
  <suite started-at="2024-05-17T19:07:11 IST" name="Default suite" finished-at="2024-05-17T19:07:24 IST" duration-ms="12440">
    <groups>
    </groups>
    <test started-at="2024-05-17T19:07:11 IST" name="Default test" finished-at="2024-05-17T19:07:24 IST" duration-ms="12440">
      <class name="loginforgo.Sales">
        <test-method is-config="true" signature="setup()[pri:0, instance:loginforgo.Sales@7283d3eb]" started-at="2024-05-17T19:07:11 IST" name="setup" finished-at="2024-05-17T19:07:18 IST" duration-ms="6794" status="PASS">
          <reporter-output>
          </reporter-output>
        </test-method> <!-- setup -->
        <test-method signature="TC96()[pri:0, instance:loginforgo.Sales@7283d3eb]" started-at="2024-05-17T19:07:18 IST" name="TC96" description="To Verify Payments Recived- sort by by Amount" finished-at="2024-05-17T19:07:20 IST" duration-ms="2461" status="PASS">
          <reporter-output>
          </reporter-output>
        </test-method> <!-- TC96 -->
        <test-method is-config="true" signature="teardown()[pri:0, instance:loginforgo.Sales@7283d3eb]" started-at="2024-05-17T19:07:20 IST" name="teardown" finished-at="2024-05-17T19:07:24 IST" duration-ms="3144" status="PASS">
          <reporter-output>
          </reporter-output>
        </test-method> <!-- teardown -->
      </class> <!-- loginforgo.Sales -->
    </test> <!-- Default test -->
  </suite> <!-- Default suite -->
</testng-results>
