<?xml version="1.0" encoding="UTF-8"?>
<testng-results ignored="26" total="27" passed="1" failed="0" skipped="0">
  <reporter-output>
    <line>
      <![CDATA[----Database connected Successfully----]]>
    </line>
    <line>
      <![CDATA[----browser launched Successfully----]]>
    </line>
    <line>
      <![CDATA[----Login Successfull----]]>
    </line>
    <line>
      <![CDATA[Report created successfully]]>
    </line>
    <line>
      <![CDATA[----logout sucessfull----]]>
    </line>
    <line>
      <![CDATA[----browser Closed Successfull----]]>
    </line>
    <line>
      <![CDATA[----Database Closed Successfull----]]>
    </line>
  </reporter-output>
  <suite started-at="2024-06-27T18:49:06 IST" name="Default suite" finished-at="2024-06-27T18:49:26 IST" duration-ms="19277">
    <groups>
    </groups>
    <test started-at="2024-06-27T18:49:06 IST" name="Default test" finished-at="2024-06-27T18:49:26 IST" duration-ms="19277">
      <class name="expenses.Reports">
        <test-method is-config="true" signature="bsConfig()[pri:0, instance:expenses.Reports@3c77d488]" started-at="2024-06-27T18:49:06 IST" name="bsConfig" finished-at="2024-06-27T18:49:06 IST" duration-ms="10" status="PASS">
          <reporter-output>
            <line>
              <![CDATA[----Database connected Successfully----]]>
            </line>
          </reporter-output>
        </test-method> <!-- bsConfig -->
        <test-method is-config="true" signature="bcConfig()[pri:0, instance:expenses.Reports@3c77d488]" started-at="2024-06-27T18:49:07 IST" name="bcConfig" finished-at="2024-06-27T18:49:12 IST" duration-ms="5506" status="PASS">
          <reporter-output>
            <line>
              <![CDATA[----browser launched Successfully----]]>
            </line>
          </reporter-output>
        </test-method> <!-- bcConfig -->
        <test-method is-config="true" signature="bmlConfig()[pri:0, instance:expenses.Reports@3c77d488]" started-at="2024-06-27T18:49:12 IST" name="bmlConfig" finished-at="2024-06-27T18:49:14 IST" duration-ms="2362" status="PASS">
          <reporter-output>
            <line>
              <![CDATA[----Login Successfull----]]>
            </line>
          </reporter-output>
        </test-method> <!-- bmlConfig -->
        <test-method signature="REP_TC_012()[pri:0, instance:expenses.Reports@3c77d488]" started-at="2024-06-27T18:49:14 IST" name="REP_TC_012" description="Create_Report" finished-at="2024-06-27T18:49:23 IST" duration-ms="8841" status="PASS">
          <reporter-output>
            <line>
              <![CDATA[Report created successfully]]>
            </line>
          </reporter-output>
        </test-method> <!-- REP_TC_012 -->
        <test-method is-config="true" signature="amConfig()[pri:0, instance:expenses.Reports@3c77d488]" started-at="2024-06-27T18:49:23 IST" name="amConfig" finished-at="2024-06-27T18:49:25 IST" duration-ms="2246" status="PASS">
          <reporter-output>
            <line>
              <![CDATA[----logout sucessfull----]]>
            </line>
          </reporter-output>
        </test-method> <!-- amConfig -->
        <test-method is-config="true" signature="acConfig()[pri:0, instance:expenses.Reports@3c77d488]" started-at="2024-06-27T18:49:25 IST" name="acConfig" finished-at="2024-06-27T18:49:26 IST" duration-ms="271" status="PASS">
          <reporter-output>
            <line>
              <![CDATA[----browser Closed Successfull----]]>
            </line>
          </reporter-output>
        </test-method> <!-- acConfig -->
        <test-method is-config="true" signature="asConfig()[pri:0, instance:expenses.Reports@3c77d488]" started-at="2024-06-27T18:49:26 IST" name="asConfig" finished-at="2024-06-27T18:49:26 IST" duration-ms="1" status="PASS">
          <reporter-output>
            <line>
              <![CDATA[----Database Closed Successfull----]]>
            </line>
          </reporter-output>
        </test-method> <!-- asConfig -->
      </class> <!-- expenses.Reports -->
    </test> <!-- Default test -->
  </suite> <!-- Default suite -->
</testng-results>
