<?xml version="1.0" encoding="UTF-8"?>
<testng-results ignored="24" total="25" passed="1" failed="0" skipped="0">
  <reporter-output>
    <line>
      <![CDATA[----Database connected Successfully----]]>
    </line>
    <line>
      <![CDATA[----browser launched Successfully----]]>
    </line>
    <line>
      <![CDATA[----Login Successfull----]]>
    </line>
    <line>
      <![CDATA[----logout sucessfull----]]>
    </line>
    <line>
      <![CDATA[----browser Closed Successfull----]]>
    </line>
    <line>
      <![CDATA[----Database Closed Successfull----]]>
    </line>
  </reporter-output>
  <suite started-at="2024-05-21T17:25:08 IST" name="Default suite" finished-at="2024-05-21T17:25:30 IST" duration-ms="22318">
    <groups>
    </groups>
    <test started-at="2024-05-21T17:25:08 IST" name="Default test" finished-at="2024-05-21T17:25:30 IST" duration-ms="22318">
      <class name="expenses.Reports">
        <test-method is-config="true" signature="bsConfig()[pri:0, instance:expenses.Reports@20140db9]" started-at="2024-05-21T17:25:08 IST" name="bsConfig" finished-at="2024-05-21T17:25:08 IST" duration-ms="8" status="PASS">
          <reporter-output>
            <line>
              <![CDATA[----Database connected Successfully----]]>
            </line>
          </reporter-output>
        </test-method> <!-- bsConfig -->
        <test-method is-config="true" signature="bcConfig()[pri:0, instance:expenses.Reports@20140db9]" started-at="2024-05-21T17:25:08 IST" name="bcConfig" finished-at="2024-05-21T17:25:12 IST" duration-ms="4773" status="PASS">
          <reporter-output>
            <line>
              <![CDATA[----browser launched Successfully----]]>
            </line>
          </reporter-output>
        </test-method> <!-- bcConfig -->
        <test-method is-config="true" signature="bmlConfig()[pri:0, instance:expenses.Reports@20140db9]" started-at="2024-05-21T17:25:12 IST" name="bmlConfig" finished-at="2024-05-21T17:25:15 IST" duration-ms="2333" status="PASS">
          <reporter-output>
            <line>
              <![CDATA[----Login Successfull----]]>
            </line>
          </reporter-output>
        </test-method> <!-- bmlConfig -->
        <test-method signature="REP_TC_023()[pri:0, instance:expenses.Reports@20140db9]" started-at="2024-05-21T17:25:15 IST" name="REP_TC_023" description="Download_Report_In_More_My_Report" finished-at="2024-05-21T17:25:29 IST" duration-ms="13933" status="PASS">
          <reporter-output>
          </reporter-output>
        </test-method> <!-- REP_TC_023 -->
        <test-method is-config="true" signature="amConfig()[pri:0, instance:expenses.Reports@20140db9]" started-at="2024-05-21T17:25:29 IST" name="amConfig" finished-at="2024-05-21T17:25:30 IST" duration-ms="1150" status="PASS">
          <reporter-output>
            <line>
              <![CDATA[----logout sucessfull----]]>
            </line>
          </reporter-output>
        </test-method> <!-- amConfig -->
        <test-method is-config="true" signature="acConfig()[pri:0, instance:expenses.Reports@20140db9]" started-at="2024-05-21T17:25:30 IST" name="acConfig" finished-at="2024-05-21T17:25:30 IST" duration-ms="88" status="PASS">
          <reporter-output>
            <line>
              <![CDATA[----browser Closed Successfull----]]>
            </line>
          </reporter-output>
        </test-method> <!-- acConfig -->
        <test-method is-config="true" signature="asConfig()[pri:0, instance:expenses.Reports@20140db9]" started-at="2024-05-21T17:25:30 IST" name="asConfig" finished-at="2024-05-21T17:25:30 IST" duration-ms="0" status="PASS">
          <reporter-output>
            <line>
              <![CDATA[----Database Closed Successfull----]]>
            </line>
          </reporter-output>
        </test-method> <!-- asConfig -->
      </class> <!-- expenses.Reports -->
    </test> <!-- Default test -->
  </suite> <!-- Default suite -->
</testng-results>
