<?xml version="1.0" encoding="UTF-8"?>
<testng-results ignored="0" total="1" passed="1" failed="0" skipped="0">
  <reporter-output>
    <line>
      <![CDATA[----Database connected Successfully----]]>
    </line>
    <line>
      <![CDATA[----browser launched Successfully----]]>
    </line>
    <line>
      <![CDATA[----Login Successfull----]]>
    </line>
    <line>
      <![CDATA[----logout sucessfull----]]>
    </line>
    <line>
      <![CDATA[----browser Closed Successfull----]]>
    </line>
    <line>
      <![CDATA[----Database Closed Successfull----]]>
    </line>
  </reporter-output>
  <suite started-at="2024-05-20T19:34:12 IST" name="Default suite" finished-at="2024-05-20T19:34:29 IST" duration-ms="17403">
    <groups>
    </groups>
    <test started-at="2024-05-20T19:34:12 IST" name="Default test" finished-at="2024-05-20T19:34:29 IST" duration-ms="17403">
      <class name="sales.Delivery_Chalana">
        <test-method is-config="true" signature="bsConfig()[pri:0, instance:sales.Delivery_Chalana@b86de0d]" started-at="2024-05-20T19:34:12 IST" name="bsConfig" finished-at="2024-05-20T19:34:12 IST" duration-ms="11" status="PASS">
          <reporter-output>
            <line>
              <![CDATA[----Database connected Successfully----]]>
            </line>
          </reporter-output>
        </test-method> <!-- bsConfig -->
        <test-method is-config="true" signature="bcConfig()[pri:0, instance:sales.Delivery_Chalana@b86de0d]" started-at="2024-05-20T19:34:12 IST" name="bcConfig" finished-at="2024-05-20T19:34:16 IST" duration-ms="4042" status="PASS">
          <reporter-output>
            <line>
              <![CDATA[----browser launched Successfully----]]>
            </line>
          </reporter-output>
        </test-method> <!-- bcConfig -->
        <test-method is-config="true" signature="bmlConfig()[pri:0, instance:sales.Delivery_Chalana@b86de0d]" started-at="2024-05-20T19:34:16 IST" name="bmlConfig" finished-at="2024-05-20T19:34:19 IST" duration-ms="3495" status="PASS">
          <reporter-output>
            <line>
              <![CDATA[----Login Successfull----]]>
            </line>
          </reporter-output>
        </test-method> <!-- bmlConfig -->
        <test-method signature="TC90()[pri:0, instance:sales.Delivery_Chalana@b86de0d]" started-at="2024-05-20T19:34:19 IST" name="TC90" description="To Verify Approval search for DC" finished-at="2024-05-20T19:34:28 IST" duration-ms="8382" status="PASS">
          <reporter-output>
          </reporter-output>
        </test-method> <!-- TC90 -->
        <test-method is-config="true" signature="amConfig()[pri:0, instance:sales.Delivery_Chalana@b86de0d]" started-at="2024-05-20T19:34:28 IST" name="amConfig" finished-at="2024-05-20T19:34:29 IST" duration-ms="1266" status="PASS">
          <reporter-output>
            <line>
              <![CDATA[----logout sucessfull----]]>
            </line>
          </reporter-output>
        </test-method> <!-- amConfig -->
        <test-method is-config="true" signature="acConfig()[pri:0, instance:sales.Delivery_Chalana@b86de0d]" started-at="2024-05-20T19:34:29 IST" name="acConfig" finished-at="2024-05-20T19:34:29 IST" duration-ms="170" status="PASS">
          <reporter-output>
            <line>
              <![CDATA[----browser Closed Successfull----]]>
            </line>
          </reporter-output>
        </test-method> <!-- acConfig -->
        <test-method is-config="true" signature="asConfig()[pri:0, instance:sales.Delivery_Chalana@b86de0d]" started-at="2024-05-20T19:34:29 IST" name="asConfig" finished-at="2024-05-20T19:34:29 IST" duration-ms="0" status="PASS">
          <reporter-output>
            <line>
              <![CDATA[----Database Closed Successfull----]]>
            </line>
          </reporter-output>
        </test-method> <!-- asConfig -->
      </class> <!-- sales.Delivery_Chalana -->
    </test> <!-- Default test -->
  </suite> <!-- Default suite -->
</testng-results>
