<?xml version="1.0" encoding="UTF-8"?>
<testng-results ignored="5" total="6" passed="1" failed="0" skipped="0">
  <reporter-output>
    <line>
      <![CDATA[----Database connected Successfully----]]>
    </line>
    <line>
      <![CDATA[----browser launched Successfully----]]>
    </line>
    <line>
      <![CDATA[----Login Successfull----]]>
    </line>
    <line>
      <![CDATA[----logout sucessfull----]]>
    </line>
    <line>
      <![CDATA[----browser Closed Successfull----]]>
    </line>
    <line>
      <![CDATA[----Database Closed Successfull----]]>
    </line>
  </reporter-output>
  <suite started-at="2024-05-20T11:12:26 IST" name="Default suite" finished-at="2024-05-20T11:12:48 IST" duration-ms="22119">
    <groups>
    </groups>
    <test started-at="2024-05-20T11:12:26 IST" name="Default test" finished-at="2024-05-20T11:12:48 IST" duration-ms="22119">
      <class name="expenses.Reports">
        <test-method is-config="true" signature="bsConfig()[pri:0, instance:expenses.Reports@229c6181]" started-at="2024-05-20T11:12:25 IST" name="bsConfig" finished-at="2024-05-20T11:12:26 IST" duration-ms="8" status="PASS">
          <reporter-output>
            <line>
              <![CDATA[----Database connected Successfully----]]>
            </line>
          </reporter-output>
        </test-method> <!-- bsConfig -->
        <test-method is-config="true" signature="bcConfig()[pri:0, instance:expenses.Reports@229c6181]" started-at="2024-05-20T11:12:26 IST" name="bcConfig" finished-at="2024-05-20T11:12:28 IST" duration-ms="2047" status="PASS">
          <reporter-output>
            <line>
              <![CDATA[----browser launched Successfully----]]>
            </line>
          </reporter-output>
        </test-method> <!-- bcConfig -->
        <test-method is-config="true" signature="bmlConfig()[pri:0, instance:expenses.Reports@229c6181]" started-at="2024-05-20T11:12:28 IST" name="bmlConfig" finished-at="2024-05-20T11:12:32 IST" duration-ms="4526" status="PASS">
          <reporter-output>
            <line>
              <![CDATA[----Login Successfull----]]>
            </line>
          </reporter-output>
        </test-method> <!-- bmlConfig -->
        <test-method signature="Report_Approvals_Filters()[pri:0, instance:expenses.Reports@229c6181]" started-at="2024-05-20T11:12:32 IST" name="Report_Approvals_Filters" finished-at="2024-05-20T11:12:46 IST" duration-ms="14243" status="PASS">
          <reporter-output>
          </reporter-output>
        </test-method> <!-- Report_Approvals_Filters -->
        <test-method is-config="true" signature="amConfig()[pri:0, instance:expenses.Reports@229c6181]" started-at="2024-05-20T11:12:46 IST" name="amConfig" finished-at="2024-05-20T11:12:48 IST" duration-ms="1149" status="PASS">
          <reporter-output>
            <line>
              <![CDATA[----logout sucessfull----]]>
            </line>
          </reporter-output>
        </test-method> <!-- amConfig -->
        <test-method is-config="true" signature="acConfig()[pri:0, instance:expenses.Reports@229c6181]" started-at="2024-05-20T11:12:48 IST" name="acConfig" finished-at="2024-05-20T11:12:48 IST" duration-ms="98" status="PASS">
          <reporter-output>
            <line>
              <![CDATA[----browser Closed Successfull----]]>
            </line>
          </reporter-output>
        </test-method> <!-- acConfig -->
        <test-method is-config="true" signature="asConfig()[pri:0, instance:expenses.Reports@229c6181]" started-at="2024-05-20T11:12:48 IST" name="asConfig" finished-at="2024-05-20T11:12:48 IST" duration-ms="0" status="PASS">
          <reporter-output>
            <line>
              <![CDATA[----Database Closed Successfull----]]>
            </line>
          </reporter-output>
        </test-method> <!-- asConfig -->
      </class> <!-- expenses.Reports -->
    </test> <!-- Default test -->
  </suite> <!-- Default suite -->
</testng-results>
