<?xml version="1.0" encoding="UTF-8"?>
<testng-results ignored="0" total="1" passed="0" failed="1" skipped="0">
  <reporter-output>
    <line>
      <![CDATA[----Database connected Successfully----]]>
    </line>
    <line>
      <![CDATA[----browser launched Successfully----]]>
    </line>
    <line>
      <![CDATA[----Login Successfull----]]>
    </line>
    <line>
      <![CDATA[----logout sucessfull----]]>
    </line>
    <line>
      <![CDATA[----browser Closed Successfull----]]>
    </line>
    <line>
      <![CDATA[----Database Closed Successfull----]]>
    </line>
  </reporter-output>
  <suite started-at="2024-05-27T17:22:20 IST" name="Default suite" finished-at="2024-05-27T17:22:30 IST" duration-ms="10067">
    <groups>
    </groups>
    <test started-at="2024-05-27T17:22:20 IST" name="Default test" finished-at="2024-05-27T17:22:30 IST" duration-ms="10067">
      <class name="expenses.Trips">
        <test-method is-config="true" signature="bsConfig()[pri:0, instance:expenses.Trips@3012646b]" started-at="2024-05-27T17:22:20 IST" name="bsConfig" finished-at="2024-05-27T17:22:20 IST" duration-ms="8" status="PASS">
          <reporter-output>
            <line>
              <![CDATA[----Database connected Successfully----]]>
            </line>
          </reporter-output>
        </test-method> <!-- bsConfig -->
        <test-method is-config="true" signature="bcConfig()[pri:0, instance:expenses.Trips@3012646b]" started-at="2024-05-27T17:22:20 IST" name="bcConfig" finished-at="2024-05-27T17:22:25 IST" duration-ms="4246" status="PASS">
          <reporter-output>
            <line>
              <![CDATA[----browser launched Successfully----]]>
            </line>
          </reporter-output>
        </test-method> <!-- bcConfig -->
        <test-method is-config="true" signature="bmlConfig()[pri:0, instance:expenses.Trips@3012646b]" started-at="2024-05-27T17:22:25 IST" name="bmlConfig" finished-at="2024-05-27T17:22:27 IST" duration-ms="2354" status="PASS">
          <reporter-output>
            <line>
              <![CDATA[----Login Successfull----]]>
            </line>
          </reporter-output>
        </test-method> <!-- bmlConfig -->
        <test-method signature="TRIP_TC_001()[pri:0, instance:expenses.Trips@3012646b]" started-at="2024-05-27T17:22:27 IST" name="TRIP_TC_001" description="Create_Trip" finished-at="2024-05-27T17:22:28 IST" duration-ms="1076" status="FAIL">
          <exception class="org.openqa.selenium.ElementNotInteractableException">
            <message>
              <![CDATA[element not interactable: element has zero size
  (Session info: chrome=125.0.6422.76)
Build info: version: '4.19.1', revision: 'abe0ee07dc'
System info: os.name: 'Windows 11', os.arch: 'amd64', os.version: '10.0', java.version: '17.0.10'
Driver info: org.openqa.selenium.chrome.ChromeDriver
Command: [c492af4867a6e72cc2aa4a024489cc3e, clickElement {id=f.7C4B2ABFD999FE3CEE1DCC6217E9F6CE.d.FD244ED03FE6194F0E1A36C9FFCE12FC.e.90}]
Capabilities {acceptInsecureCerts: false, browserName: chrome, browserVersion: 125.0.6422.76, chrome: {chromedriverVersion: 125.0.6422.78 (14db42ec38ad..., userDataDir: C:\Users\Dell\AppData\Local...}, fedcm:accounts: true, goog:chromeOptions: {debuggerAddress: localhost:64767}, networkConnectionEnabled: false, pageLoadStrategy: normal, platformName: windows, proxy: Proxy(), se:cdp: ws://localhost:64767/devtoo..., se:cdpVersion: 125.0.6422.76, setWindowRect: true, strictFileInteractability: false, timeouts: {implicit: 0, pageLoad: 300000, script: 30000}, unhandledPromptBehavior: dismiss and notify, webauthn:extension:credBlob: true, webauthn:extension:largeBlob: true, webauthn:extension:minPinLength: true, webauthn:extension:prf: true, webauthn:virtualAuthenticators: true}
Element: [[ChromeDriver: chrome on windows (c492af4867a6e72cc2aa4a024489cc3e)] -> xpath: (//span[text()='Expenses'])[1]]
Session ID: c492af4867a6e72cc2aa4a024489cc3e]]>
            </message>
            <full-stacktrace>
              <![CDATA[org.openqa.selenium.ElementNotInteractableException: element not interactable: element has zero size
  (Session info: chrome=125.0.6422.76)
Build info: version: '4.19.1', revision: 'abe0ee07dc'
System info: os.name: 'Windows 11', os.arch: 'amd64', os.version: '10.0', java.version: '17.0.10'
Driver info: org.openqa.selenium.chrome.ChromeDriver
Command: [c492af4867a6e72cc2aa4a024489cc3e, clickElement {id=f.7C4B2ABFD999FE3CEE1DCC6217E9F6CE.d.FD244ED03FE6194F0E1A36C9FFCE12FC.e.90}]
Capabilities {acceptInsecureCerts: false, browserName: chrome, browserVersion: 125.0.6422.76, chrome: {chromedriverVersion: 125.0.6422.78 (14db42ec38ad..., userDataDir: C:\Users\Dell\AppData\Local...}, fedcm:accounts: true, goog:chromeOptions: {debuggerAddress: localhost:64767}, networkConnectionEnabled: false, pageLoadStrategy: normal, platformName: windows, proxy: Proxy(), se:cdp: ws://localhost:64767/devtoo..., se:cdpVersion: 125.0.6422.76, setWindowRect: true, strictFileInteractability: false, timeouts: {implicit: 0, pageLoad: 300000, script: 30000}, unhandledPromptBehavior: dismiss and notify, webauthn:extension:credBlob: true, webauthn:extension:largeBlob: true, webauthn:extension:minPinLength: true, webauthn:extension:prf: true, webauthn:virtualAuthenticators: true}
Element: [[ChromeDriver: chrome on windows (c492af4867a6e72cc2aa4a024489cc3e)] -> xpath: (//span[text()='Expenses'])[1]]
Session ID: c492af4867a6e72cc2aa4a024489cc3e
at java.base/jdk.internal.reflect.NativeConstructorAccessorImpl.newInstance0(Native Method)
at java.base/jdk.internal.reflect.NativeConstructorAccessorImpl.newInstance(NativeConstructorAccessorImpl.java:77)
at java.base/jdk.internal.reflect.DelegatingConstructorAccessorImpl.newInstance(DelegatingConstructorAccessorImpl.java:45)
at java.base/java.lang.reflect.Constructor.newInstanceWithCaller(Constructor.java:499)
at java.base/java.lang.reflect.Constructor.newInstance(Constructor.java:480)
at org.openqa.selenium.remote.ErrorCodec.decode(ErrorCodec.java:167)
at org.openqa.selenium.remote.codec.w3c.W3CHttpResponseCodec.decode(W3CHttpResponseCodec.java:138)
at org.openqa.selenium.remote.codec.w3c.W3CHttpResponseCodec.decode(W3CHttpResponseCodec.java:50)
at org.openqa.selenium.remote.HttpCommandExecutor.execute(HttpCommandExecutor.java:190)
at org.openqa.selenium.remote.service.DriverCommandExecutor.invokeExecute(DriverCommandExecutor.java:216)
at org.openqa.selenium.remote.service.DriverCommandExecutor.execute(DriverCommandExecutor.java:174)
at org.openqa.selenium.remote.RemoteWebDriver.execute(RemoteWebDriver.java:518)
at org.openqa.selenium.remote.RemoteWebElement.execute(RemoteWebElement.java:223)
at org.openqa.selenium.remote.RemoteWebElement.click(RemoteWebElement.java:76)
at expenses.Trips.TRIP_TC_001(Trips.java:13)
at java.base/jdk.internal.reflect.NativeMethodAccessorImpl.invoke0(Native Method)
at java.base/jdk.internal.reflect.NativeMethodAccessorImpl.invoke(NativeMethodAccessorImpl.java:77)
at java.base/jdk.internal.reflect.DelegatingMethodAccessorImpl.invoke(DelegatingMethodAccessorImpl.java:43)
at java.base/java.lang.reflect.Method.invoke(Method.java:568)
at org.testng.internal.MethodInvocationHelper.invokeMethod(MethodInvocationHelper.java:133)
at org.testng.internal.TestInvoker.invokeMethod(TestInvoker.java:598)
at org.testng.internal.TestInvoker.invokeTestMethod(TestInvoker.java:173)
at org.testng.internal.MethodRunner.runInSequence(MethodRunner.java:46)
at org.testng.internal.TestInvoker$MethodInvocationAgent.invoke(TestInvoker.java:824)
at org.testng.internal.TestInvoker.invokeTestMethods(TestInvoker.java:146)
at org.testng.internal.TestMethodWorker.invokeTestMethods(TestMethodWorker.java:146)
at org.testng.internal.TestMethodWorker.run(TestMethodWorker.java:128)
at java.base/java.util.ArrayList.forEach(ArrayList.java:1511)
at org.testng.TestRunner.privateRun(TestRunner.java:794)
at org.testng.TestRunner.run(TestRunner.java:596)
at org.testng.SuiteRunner.runTest(SuiteRunner.java:377)
at org.testng.SuiteRunner.runSequentially(SuiteRunner.java:371)
at org.testng.SuiteRunner.privateRun(SuiteRunner.java:332)
at org.testng.SuiteRunner.run(SuiteRunner.java:276)
at org.testng.SuiteRunnerWorker.runSuite(SuiteRunnerWorker.java:53)
at org.testng.SuiteRunnerWorker.run(SuiteRunnerWorker.java:96)
at org.testng.TestNG.runSuitesSequentially(TestNG.java:1212)
at org.testng.TestNG.runSuitesLocally(TestNG.java:1134)
at org.testng.TestNG.runSuites(TestNG.java:1063)
at org.testng.TestNG.run(TestNG.java:1031)
at org.testng.remote.AbstractRemoteTestNG.run(AbstractRemoteTestNG.java:115)
at org.testng.remote.RemoteTestNG.initAndRun(RemoteTestNG.java:251)
at org.testng.remote.RemoteTestNG.main(RemoteTestNG.java:77)
]]>
            </full-stacktrace>
          </exception> <!-- org.openqa.selenium.ElementNotInteractableException -->
          <reporter-output>
          </reporter-output>
        </test-method> <!-- TRIP_TC_001 -->
        <test-method is-config="true" signature="amConfig()[pri:0, instance:expenses.Trips@3012646b]" started-at="2024-05-27T17:22:28 IST" name="amConfig" finished-at="2024-05-27T17:22:30 IST" duration-ms="2275" status="PASS">
          <reporter-output>
            <line>
              <![CDATA[----logout sucessfull----]]>
            </line>
          </reporter-output>
        </test-method> <!-- amConfig -->
        <test-method is-config="true" signature="acConfig()[pri:0, instance:expenses.Trips@3012646b]" started-at="2024-05-27T17:22:30 IST" name="acConfig" finished-at="2024-05-27T17:22:30 IST" duration-ms="83" status="PASS">
          <reporter-output>
            <line>
              <![CDATA[----browser Closed Successfull----]]>
            </line>
          </reporter-output>
        </test-method> <!-- acConfig -->
        <test-method is-config="true" signature="asConfig()[pri:0, instance:expenses.Trips@3012646b]" started-at="2024-05-27T17:22:31 IST" name="asConfig" finished-at="2024-05-27T17:22:31 IST" duration-ms="0" status="PASS">
          <reporter-output>
            <line>
              <![CDATA[----Database Closed Successfull----]]>
            </line>
          </reporter-output>
        </test-method> <!-- asConfig -->
      </class> <!-- expenses.Trips -->
    </test> <!-- Default test -->
  </suite> <!-- Default suite -->
</testng-results>
