<?xml version="1.0" encoding="UTF-8"?>
<testng-results ignored="12" total="13" passed="1" failed="0" skipped="0">
  <reporter-output>
    <line>
      <![CDATA[----Database connected Successfully----]]>
    </line>
    <line>
      <![CDATA[----browser launched Successfully----]]>
    </line>
    <line>
      <![CDATA[----Login Successfull----]]>
    </line>
    <line>
      <![CDATA[----logout sucessfull----]]>
    </line>
    <line>
      <![CDATA[----browser Closed Successfull----]]>
    </line>
    <line>
      <![CDATA[----Database Closed Successfull----]]>
    </line>
  </reporter-output>
  <suite started-at="2024-05-21T10:42:16 IST" name="Default suite" finished-at="2024-05-21T10:42:28 IST" duration-ms="11752">
    <groups>
    </groups>
    <test started-at="2024-05-21T10:42:16 IST" name="Default test" finished-at="2024-05-21T10:42:28 IST" duration-ms="11752">
      <class name="expenses.Reports">
        <test-method is-config="true" signature="bsConfig()[pri:0, instance:expenses.Reports@f09733f]" started-at="2024-05-21T10:42:16 IST" name="bsConfig" finished-at="2024-05-21T10:42:16 IST" duration-ms="7" status="PASS">
          <reporter-output>
            <line>
              <![CDATA[----Database connected Successfully----]]>
            </line>
          </reporter-output>
        </test-method> <!-- bsConfig -->
        <test-method is-config="true" signature="bcConfig()[pri:0, instance:expenses.Reports@f09733f]" started-at="2024-05-21T10:42:16 IST" name="bcConfig" finished-at="2024-05-21T10:42:20 IST" duration-ms="4192" status="PASS">
          <reporter-output>
            <line>
              <![CDATA[----browser launched Successfully----]]>
            </line>
          </reporter-output>
        </test-method> <!-- bcConfig -->
        <test-method is-config="true" signature="bmlConfig()[pri:0, instance:expenses.Reports@f09733f]" started-at="2024-05-21T10:42:20 IST" name="bmlConfig" finished-at="2024-05-21T10:42:23 IST" duration-ms="2408" status="PASS">
          <reporter-output>
            <line>
              <![CDATA[----Login Successfull----]]>
            </line>
          </reporter-output>
        </test-method> <!-- bmlConfig -->
        <test-method signature="REP_TC_003()[pri:0, instance:expenses.Reports@f09733f]" started-at="2024-05-21T10:42:23 IST" name="REP_TC_003" description="Reimburse_Report" finished-at="2024-05-21T10:42:26 IST" duration-ms="3677" status="PASS">
          <reporter-output>
          </reporter-output>
        </test-method> <!-- REP_TC_003 -->
        <test-method is-config="true" signature="amConfig()[pri:0, instance:expenses.Reports@f09733f]" started-at="2024-05-21T10:42:26 IST" name="amConfig" finished-at="2024-05-21T10:42:27 IST" duration-ms="1146" status="PASS">
          <reporter-output>
            <line>
              <![CDATA[----logout sucessfull----]]>
            </line>
          </reporter-output>
        </test-method> <!-- amConfig -->
        <test-method is-config="true" signature="acConfig()[pri:0, instance:expenses.Reports@f09733f]" started-at="2024-05-21T10:42:27 IST" name="acConfig" finished-at="2024-05-21T10:42:28 IST" duration-ms="279" status="PASS">
          <reporter-output>
            <line>
              <![CDATA[----browser Closed Successfull----]]>
            </line>
          </reporter-output>
        </test-method> <!-- acConfig -->
        <test-method is-config="true" signature="asConfig()[pri:0, instance:expenses.Reports@f09733f]" started-at="2024-05-21T10:42:28 IST" name="asConfig" finished-at="2024-05-21T10:42:28 IST" duration-ms="0" status="PASS">
          <reporter-output>
            <line>
              <![CDATA[----Database Closed Successfull----]]>
            </line>
          </reporter-output>
        </test-method> <!-- asConfig -->
      </class> <!-- expenses.Reports -->
    </test> <!-- Default test -->
  </suite> <!-- Default suite -->
</testng-results>
