<?xml version="1.0" encoding="UTF-8"?>
<testng-results ignored="3" total="4" passed="1" failed="0" skipped="0">
  <reporter-output>
  </reporter-output>
  <suite started-at="2024-05-16T13:04:41 IST" name="Default suite" finished-at="2024-05-16T13:05:07 IST" duration-ms="25758">
    <groups>
    </groups>
    <test started-at="2024-05-16T13:04:41 IST" name="Default test" finished-at="2024-05-16T13:05:07 IST" duration-ms="25758">
      <class name="expenses.Reports">
        <test-method is-config="true" signature="setup()[pri:0, instance:expenses.Reports@57cf54e1]" started-at="2024-05-16T13:04:41 IST" name="setup" finished-at="2024-05-16T13:04:49 IST" duration-ms="7948" status="PASS">
          <reporter-output>
          </reporter-output>
        </test-method> <!-- setup -->
        <test-method signature="Report_Approvals_Filters()[pri:0, instance:expenses.Reports@57cf54e1]" started-at="2024-05-16T13:04:49 IST" name="Report_Approvals_Filters" finished-at="2024-05-16T13:05:04 IST" duration-ms="14675" status="PASS">
          <reporter-output>
          </reporter-output>
        </test-method> <!-- Report_Approvals_Filters -->
        <test-method is-config="true" signature="closebrowser()[pri:0, instance:expenses.Reports@57cf54e1]" started-at="2024-05-16T13:05:04 IST" name="closebrowser" finished-at="2024-05-16T13:05:07 IST" duration-ms="3097" status="PASS">
          <reporter-output>
          </reporter-output>
        </test-method> <!-- closebrowser -->
      </class> <!-- expenses.Reports -->
    </test> <!-- Default test -->
  </suite> <!-- Default suite -->
</testng-results>
